#
# A fatal error has been detected by the Java Runtime Environment:
#
#  Internal Error (javaClasses.cpp:136), pid=10531, tid=139856433870592
#  fatal error: Invalid layout of preloaded class
#
# JRE version:  (7.0_72-b14) (build )
# Java VM: Java HotSpot(TM) 64-Bit Server VM (24.72-b04 mixed mode linux-amd64 compressed oops)
# Failed to write core dump. Core dumps have been disabled. To enable core dumping, try "ulimit -c unlimited" before starting Java again
#
# If you would like to submit a bug report, please visit:
#   http://bugreport.sun.com/bugreport/crash.jsp
#

---------------  T H R E A D  ---------------

Current thread (0x00007f32d400a000):  JavaThread "Unknown thread" [_thread_in_vm, id=10533, stack(0x00007f32dcff7000,0x00007f32dd0f8000)]

Stack: [0x00007f32dcff7000,0x00007f32dd0f8000],  sp=0x00007f32dd0f67b0,  free space=1021k
Native frames: (J=compiled Java code, j=interpreted, Vv=VM code, C=native code)
V  [libjvm.so+0x9a10fa]  VMError::report_and_die()+0x2ea
V  [libjvm.so+0x497919]  report_fatal(char const*, int, char const*)+0x59
V  [libjvm.so+0x6066c5]  compute_offset(int&, klassOopDesc*, Symbol*, Symbol*, bool)+0x135
V  [libjvm.so+0x607769]  java_lang_String::compute_offsets()+0x49
V  [libjvm.so+0x927185]  SystemDictionary::initialize_preloaded_classes(Thread*)+0x235
V  [libjvm.so+0x974af4]  Universe::genesis(Thread*)+0x494
V  [libjvm.so+0x974fa9]  universe2_init()+0x29
V  [libjvm.so+0x5b0fdd]  init_globals()+0xbd
V  [libjvm.so+0x95bbdd]  Threads::create_vm(JavaVMInitArgs*, bool*)+0x1ed
V  [libjvm.so+0x639234]  JNI_CreateJavaVM+0x74
C  [libjli.so+0x2f8e]  JavaMain+0x9e


---------------  P R O C E S S  ---------------

Java Threads: ( => current thread )

Other Threads:

=>0x00007f32d400a000 (exited) JavaThread "Unknown thread" [_thread_in_vm, id=10533, stack(0x00007f32dcff7000,0x00007f32dd0f8000)]

VM state:not at safepoint (not fully initialized)

VM Mutex/Monitor currently owned by a thread: None

GC Heap History (0 events):
No events

Deoptimization events (0 events):
No events

Internal exceptions (0 events):
No events

Events (10 events):
Event: 0.010 loading class 0x00007f32d935d6f0 done
Event: 0.010 loading class 0x00007f32d935d110 done
Event: 0.010 loading class 0x00007f32d935d0f0
Event: 0.010 loading class 0x00007f32d9365240
Event: 0.010 loading class 0x00007f32d9365240 done
Event: 0.010 loading class 0x00007f32d9365270
Event: 0.010 loading class 0x00007f32d9365270 done
Event: 0.010 loading class 0x00007f32d93652a0
Event: 0.010 loading class 0x00007f32d93652a0 done
Event: 0.010 loading class 0x00007f32d935d0f0 done


Dynamic libraries:
00400000-00401000 r-xp 00000000 08:05 546533                             /usr/lib/jvm/java-7-oracle/bin/java
00600000-00601000 rw-p 00000000 08:05 546533                             /usr/lib/jvm/java-7-oracle/bin/java
01a50000-01a71000 rw-p 00000000 00:00 0                                  [heap]
77ee00000-780300000 rw-p 00000000 00:00 0 
780300000-784000000 rw-p 00000000 00:00 0 
784000000-789280000 rw-p 00000000 00:00 0 
789280000-7d6a80000 rw-p 00000000 00:00 0 
7d6a80000-7d9400000 rw-p 00000000 00:00 0 
7d9400000-800000000 rw-p 00000000 00:00 0 
7f32b8000000-7f32b8021000 rw-p 00000000 00:00 0 
7f32b8021000-7f32bc000000 ---p 00000000 00:00 0 
7f32c0000000-7f32c0021000 rw-p 00000000 00:00 0 
7f32c0021000-7f32c4000000 ---p 00000000 00:00 0 
7f32c4000000-7f32c4021000 rw-p 00000000 00:00 0 
7f32c4021000-7f32c8000000 ---p 00000000 00:00 0 
7f32c8000000-7f32c8021000 rw-p 00000000 00:00 0 
7f32c8021000-7f32cc000000 ---p 00000000 00:00 0 
7f32ccf70000-7f32d1000000 rw-p 00000000 00:00 0 
7f32d1000000-7f32d1270000 rwxp 00000000 00:00 0 
7f32d1270000-7f32d4056000 rw-p 00000000 00:00 0 
7f32d4056000-7f32d8000000 ---p 00000000 00:00 0 
7f32d8fa2000-7f32d9210000 rw-p 00000000 00:00 0 
7f32d9210000-7f32d92e7000 r--s 013fe000 08:05 942461                     /home/dave/Binaries/android-sdk-linux/platforms/android-19/android.jar
7f32d92e7000-7f32d9812000 rw-p 00000000 00:00 0 
7f32d9812000-7f32d9813000 ---p 00000000 00:00 0 
7f32d9813000-7f32d9913000 rw-p 00000000 00:00 0                          [stack:10537]
7f32d9913000-7f32d9914000 ---p 00000000 00:00 0 
7f32d9914000-7f32d9a14000 rw-p 00000000 00:00 0                          [stack:10536]
7f32d9a14000-7f32d9a15000 ---p 00000000 00:00 0 
7f32d9a15000-7f32d9b15000 rw-p 00000000 00:00 0                          [stack:10535]
7f32d9b15000-7f32d9b16000 ---p 00000000 00:00 0 
7f32d9b16000-7f32d9c21000 rw-p 00000000 00:00 0                          [stack:10534]
7f32d9c21000-7f32d9c3f000 rw-p 00000000 00:00 0 
7f32d9c3f000-7f32d9c69000 rw-p 00000000 00:00 0 
7f32d9c69000-7f32d9ed5000 rw-p 00000000 00:00 0 
7f32d9ed5000-7f32d9ee0000 rw-p 00000000 00:00 0 
7f32d9ee0000-7f32d9efe000 rw-p 00000000 00:00 0 
7f32d9efe000-7f32d9f28000 rw-p 00000000 00:00 0 
7f32d9f28000-7f32da193000 rw-p 00000000 00:00 0 
7f32da193000-7f32da1a8000 rw-p 00000000 00:00 0 
7f32da1a8000-7f32da2de000 rw-p 00000000 00:00 0 
7f32da2de000-7f32da2df000 rw-p 00000000 00:00 0 
7f32da2df000-7f32da2f9000 r-xp 00000000 08:05 420760                     /usr/lib/jvm/java-7-oracle/jre/lib/amd64/libzip.so
7f32da2f9000-7f32da4f9000 ---p 0001a000 08:05 420760                     /usr/lib/jvm/java-7-oracle/jre/lib/amd64/libzip.so
7f32da4f9000-7f32da4fa000 rw-p 0001a000 08:05 420760                     /usr/lib/jvm/java-7-oracle/jre/lib/amd64/libzip.so
7f32da4fa000-7f32da505000 r-xp 00000000 08:05 1074296                    /lib/x86_64-linux-gnu/libnss_files-2.19.so
7f32da505000-7f32da704000 ---p 0000b000 08:05 1074296                    /lib/x86_64-linux-gnu/libnss_files-2.19.so
7f32da704000-7f32da705000 r--p 0000a000 08:05 1074296                    /lib/x86_64-linux-gnu/libnss_files-2.19.so
7f32da705000-7f32da706000 rw-p 0000b000 08:05 1074296                    /lib/x86_64-linux-gnu/libnss_files-2.19.so
7f32da706000-7f32da711000 r-xp 00000000 08:05 1074297                    /lib/x86_64-linux-gnu/libnss_nis-2.19.so
7f32da711000-7f32da910000 ---p 0000b000 08:05 1074297                    /lib/x86_64-linux-gnu/libnss_nis-2.19.so
7f32da910000-7f32da911000 r--p 0000a000 08:05 1074297                    /lib/x86_64-linux-gnu/libnss_nis-2.19.so
7f32da911000-7f32da912000 rw-p 0000b000 08:05 1074297                    /lib/x86_64-linux-gnu/libnss_nis-2.19.so
7f32da912000-7f32da929000 r-xp 00000000 08:05 1074283                    /lib/x86_64-linux-gnu/libnsl-2.19.so
7f32da929000-7f32dab28000 ---p 00017000 08:05 1074283                    /lib/x86_64-linux-gnu/libnsl-2.19.so
7f32dab28000-7f32dab29000 r--p 00016000 08:05 1074283                    /lib/x86_64-linux-gnu/libnsl-2.19.so
7f32dab29000-7f32dab2a000 rw-p 00017000 08:05 1074283                    /lib/x86_64-linux-gnu/libnsl-2.19.so
7f32dab2a000-7f32dab2c000 rw-p 00000000 00:00 0 
7f32dab2c000-7f32dab35000 r-xp 00000000 08:05 1074280                    /lib/x86_64-linux-gnu/libnss_compat-2.19.so
7f32dab35000-7f32dad34000 ---p 00009000 08:05 1074280                    /lib/x86_64-linux-gnu/libnss_compat-2.19.so
7f32dad34000-7f32dad35000 r--p 00008000 08:05 1074280                    /lib/x86_64-linux-gnu/libnss_compat-2.19.so
7f32dad35000-7f32dad36000 rw-p 00009000 08:05 1074280                    /lib/x86_64-linux-gnu/libnss_compat-2.19.so
7f32dad36000-7f32dad5f000 r-xp 00000000 08:05 420757                     /usr/lib/jvm/java-7-oracle/jre/lib/amd64/libjava.so
7f32dad5f000-7f32daf5f000 ---p 00029000 08:05 420757                     /usr/lib/jvm/java-7-oracle/jre/lib/amd64/libjava.so
7f32daf5f000-7f32daf61000 rw-p 00029000 08:05 420757                     /usr/lib/jvm/java-7-oracle/jre/lib/amd64/libjava.so
7f32daf61000-7f32daf6e000 r-xp 00000000 08:05 420733                     /usr/lib/jvm/java-7-oracle/jre/lib/amd64/libverify.so
7f32daf6e000-7f32db16d000 ---p 0000d000 08:05 420733                     /usr/lib/jvm/java-7-oracle/jre/lib/amd64/libverify.so
7f32db16d000-7f32db16f000 rw-p 0000c000 08:05 420733                     /usr/lib/jvm/java-7-oracle/jre/lib/amd64/libverify.so
7f32db16f000-7f32db176000 r-xp 00000000 08:05 1074285                    /lib/x86_64-linux-gnu/librt-2.19.so
7f32db176000-7f32db375000 ---p 00007000 08:05 1074285                    /lib/x86_64-linux-gnu/librt-2.19.so
7f32db375000-7f32db376000 r--p 00006000 08:05 1074285                    /lib/x86_64-linux-gnu/librt-2.19.so
7f32db376000-7f32db377000 rw-p 00007000 08:05 1074285                    /lib/x86_64-linux-gnu/librt-2.19.so
7f32db377000-7f32db47c000 r-xp 00000000 08:05 1074292                    /lib/x86_64-linux-gnu/libm-2.19.so
7f32db47c000-7f32db67b000 ---p 00105000 08:05 1074292                    /lib/x86_64-linux-gnu/libm-2.19.so
7f32db67b000-7f32db67c000 r--p 00104000 08:05 1074292                    /lib/x86_64-linux-gnu/libm-2.19.so
7f32db67c000-7f32db67d000 rw-p 00105000 08:05 1074292                    /lib/x86_64-linux-gnu/libm-2.19.so
7f32db67d000-7f32dc1f0000 r-xp 00000000 08:05 546418                     /usr/lib/jvm/java-7-oracle/jre/lib/amd64/server/libjvm.so
7f32dc1f0000-7f32dc3ef000 ---p 00b73000 08:05 546418                     /usr/lib/jvm/java-7-oracle/jre/lib/amd64/server/libjvm.so
7f32dc3ef000-7f32dc4b3000 rw-p 00b72000 08:05 546418                     /usr/lib/jvm/java-7-oracle/jre/lib/amd64/server/libjvm.so
7f32dc4b3000-7f32dc4f4000 rw-p 00000000 00:00 0 
7f32dc4f4000-7f32dc6af000 r-xp 00000000 08:05 1074289                    /lib/x86_64-linux-gnu/libc-2.19.so
7f32dc6af000-7f32dc8af000 ---p 001bb000 08:05 1074289                    /lib/x86_64-linux-gnu/libc-2.19.so
7f32dc8af000-7f32dc8b3000 r--p 001bb000 08:05 1074289                    /lib/x86_64-linux-gnu/libc-2.19.so
7f32dc8b3000-7f32dc8b5000 rw-p 001bf000 08:05 1074289                    /lib/x86_64-linux-gnu/libc-2.19.so
7f32dc8b5000-7f32dc8ba000 rw-p 00000000 00:00 0 
7f32dc8ba000-7f32dc8bd000 r-xp 00000000 08:05 1074301                    /lib/x86_64-linux-gnu/libdl-2.19.so
7f32dc8bd000-7f32dcabc000 ---p 00003000 08:05 1074301                    /lib/x86_64-linux-gnu/libdl-2.19.so
7f32dcabc000-7f32dcabd000 r--p 00002000 08:05 1074301                    /lib/x86_64-linux-gnu/libdl-2.19.so
7f32dcabd000-7f32dcabe000 rw-p 00003000 08:05 1074301                    /lib/x86_64-linux-gnu/libdl-2.19.so
7f32dcabe000-7f32dcad4000 r-xp 00000000 08:05 545277                     /usr/lib/jvm/java-7-oracle/lib/amd64/jli/libjli.so
7f32dcad4000-7f32dccd4000 ---p 00016000 08:05 545277                     /usr/lib/jvm/java-7-oracle/lib/amd64/jli/libjli.so
7f32dccd4000-7f32dccd5000 rw-p 00016000 08:05 545277                     /usr/lib/jvm/java-7-oracle/lib/amd64/jli/libjli.so
7f32dccd5000-7f32dccee000 r-xp 00000000 08:05 1074302                    /lib/x86_64-linux-gnu/libpthread-2.19.so
7f32dccee000-7f32dceed000 ---p 00019000 08:05 1074302                    /lib/x86_64-linux-gnu/libpthread-2.19.so
7f32dceed000-7f32dceee000 r--p 00018000 08:05 1074302                    /lib/x86_64-linux-gnu/libpthread-2.19.so
7f32dceee000-7f32dceef000 rw-p 00019000 08:05 1074302                    /lib/x86_64-linux-gnu/libpthread-2.19.so
7f32dceef000-7f32dcef3000 rw-p 00000000 00:00 0 
7f32dcef3000-7f32dcf16000 r-xp 00000000 08:05 1074290                    /lib/x86_64-linux-gnu/ld-2.19.so
7f32dcf37000-7f32dcf41000 rw-p 00000000 00:00 0 
7f32dcf41000-7f32dcff7000 rw-p 00000000 00:00 0 
7f32dcff7000-7f32dcffa000 ---p 00000000 00:00 0 
7f32dcffa000-7f32dd0fc000 rw-p 00000000 00:00 0                          [stack:10533]
7f32dd107000-7f32dd109000 rw-p 00000000 00:00 0 
7f32dd109000-7f32dd111000 rw-s 00000000 08:05 54                         /tmp/hsperfdata_dave/10531
7f32dd111000-7f32dd112000 rw-p 00000000 00:00 0 
7f32dd112000-7f32dd113000 r--p 00000000 00:00 0 
7f32dd113000-7f32dd115000 rw-p 00000000 00:00 0 
7f32dd115000-7f32dd116000 r--p 00022000 08:05 1074290                    /lib/x86_64-linux-gnu/ld-2.19.so
7f32dd116000-7f32dd117000 rw-p 00023000 08:05 1074290                    /lib/x86_64-linux-gnu/ld-2.19.so
7f32dd117000-7f32dd118000 rw-p 00000000 00:00 0 
7fff3986a000-7fff3988b000 rw-p 00000000 00:00 0                          [stack]
7fff39937000-7fff39939000 r-xp 00000000 00:00 0                          [vdso]
ffffffffff600000-ffffffffff601000 r-xp 00000000 00:00 0                  [vsyscall]

VM Arguments:
jvm_args: -Djava.library.path=/home/dave/Binaries/JOGL/lib/linux-amd64:/home/dave/Binaries/JOGL/lib/linux-amd64:/home/dave/Binaries/JOGL/lib/linux-amd64:/home/dave/Binaries/JOGL/lib/linux-amd64 -Dfile.encoding=UTF-8 -Xbootclasspath/p:/home/dave/Binaries/android-sdk-linux/platforms/android-19/android.jar 
java_command: PureTcpIp.DarronNetServer1
Launcher Type: SUN_STANDARD

Environment Variables:
PATH=/usr/local/sbin:/usr/local/bin:/usr/sbin:/usr/bin:/sbin:/bin:/usr/games:/usr/local/games:/home/dave/Binaries
SHELL=/bin/bash
DISPLAY=:0

Signal Handlers:
SIGSEGV: [libjvm.so+0x9a1a10], sa_mask[0]=0x7ffbfeff, sa_flags=0x10000004
SIGBUS: [libjvm.so+0x9a1a10], sa_mask[0]=0x7ffbfeff, sa_flags=0x10000004
SIGFPE: [libjvm.so+0x81bae0], sa_mask[0]=0x7ffbfeff, sa_flags=0x10000004
SIGPIPE: [libjvm.so+0x81bae0], sa_mask[0]=0x7ffbfeff, sa_flags=0x10000004
SIGXFSZ: [libjvm.so+0x81bae0], sa_mask[0]=0x7ffbfeff, sa_flags=0x10000004
SIGILL: [libjvm.so+0x81bae0], sa_mask[0]=0x7ffbfeff, sa_flags=0x10000004
SIGUSR1: SIG_DFL, sa_mask[0]=0x00000000, sa_flags=0x00000000
SIGUSR2: [libjvm.so+0x81d2e0], sa_mask[0]=0x00000004, sa_flags=0x10000004
SIGHUP: SIG_DFL, sa_mask[0]=0x00000000, sa_flags=0x00000000
SIGINT: SIG_DFL, sa_mask[0]=0x00000000, sa_flags=0x00000000
SIGTERM: SIG_DFL, sa_mask[0]=0x00000000, sa_flags=0x00000000
SIGQUIT: SIG_DFL, sa_mask[0]=0x00000000, sa_flags=0x00000000


---------------  S Y S T E M  ---------------

OS:jessie/sid

uname:Linux 3.13.0-39-generic #66-Ubuntu SMP Tue Oct 28 13:30:27 UTC 2014 x86_64
libc:glibc 2.19 NPTL 2.19 
rlimit: STACK 8192k, CORE 0k, NPROC 63290, NOFILE 4096, AS infinity
load average:1.11 0.90 0.70

/proc/meminfo:
MemTotal:        8122800 kB
MemFree:         1222308 kB
Buffers:         1347344 kB
Cached:          1812896 kB
SwapCached:            0 kB
Active:          2622972 kB
Inactive:        2245868 kB
Active(anon):    1709892 kB
Inactive(anon):   518148 kB
Active(file):     913080 kB
Inactive(file):  1727720 kB
Unevictable:         128 kB
Mlocked:             128 kB
SwapTotal:             0 kB
SwapFree:              0 kB
Dirty:               128 kB
Writeback:             0 kB
AnonPages:       1709028 kB
Mapped:          2062192 kB
Shmem:            519440 kB
Slab:             216644 kB
SReclaimable:     160512 kB
SUnreclaim:        56132 kB
KernelStack:        5008 kB
PageTables:        43564 kB
NFS_Unstable:          0 kB
Bounce:                0 kB
WritebackTmp:          0 kB
CommitLimit:     4061400 kB
Committed_AS:    8104856 kB
VmallocTotal:   34359738367 kB
VmallocUsed:      553172 kB
VmallocChunk:   34359177760 kB
HardwareCorrupted:     0 kB
AnonHugePages:    927744 kB
HugePages_Total:       0
HugePages_Free:        0
HugePages_Rsvd:        0
HugePages_Surp:        0
Hugepagesize:       2048 kB
DirectMap4k:       73984 kB
DirectMap2M:     8261632 kB


CPU:total 4 (2 cores per cpu, 2 threads per core) family 6 model 42 stepping 7, cmov, cx8, fxsr, mmx, sse, sse2, sse3, ssse3, sse4.1, sse4.2, popcnt, avx, ht, tsc, tscinvbit

/proc/cpuinfo:
processor	: 0
vendor_id	: GenuineIntel
cpu family	: 6
model		: 42
model name	: Intel(R) Core(TM) i3-2350M CPU @ 2.30GHz
stepping	: 7
microcode	: 0x28
cpu MHz		: 2300.000
cache size	: 3072 KB
physical id	: 0
siblings	: 4
core id		: 0
cpu cores	: 2
apicid		: 0
initial apicid	: 0
fpu		: yes
fpu_exception	: yes
cpuid level	: 13
wp		: yes
flags		: fpu vme de pse tsc msr pae mce cx8 apic sep mtrr pge mca cmov pat pse36 clflush dts acpi mmx fxsr sse sse2 ss ht tm pbe syscall nx rdtscp lm constant_tsc arch_perfmon pebs bts rep_good nopl xtopology nonstop_tsc aperfmperf eagerfpu pni pclmulqdq dtes64 monitor ds_cpl vmx est tm2 ssse3 cx16 xtpr pdcm pcid sse4_1 sse4_2 x2apic popcnt tsc_deadline_timer xsave avx lahf_lm arat epb xsaveopt pln pts dtherm tpr_shadow vnmi flexpriority ept vpid
bogomips	: 4589.80
clflush size	: 64
cache_alignment	: 64
address sizes	: 36 bits physical, 48 bits virtual
power management:

processor	: 1
vendor_id	: GenuineIntel
cpu family	: 6
model		: 42
model name	: Intel(R) Core(TM) i3-2350M CPU @ 2.30GHz
stepping	: 7
microcode	: 0x28
cpu MHz		: 2300.000
cache size	: 3072 KB
physical id	: 0
siblings	: 4
core id		: 0
cpu cores	: 2
apicid		: 1
initial apicid	: 1
fpu		: yes
fpu_exception	: yes
cpuid level	: 13
wp		: yes
flags		: fpu vme de pse tsc msr pae mce cx8 apic sep mtrr pge mca cmov pat pse36 clflush dts acpi mmx fxsr sse sse2 ss ht tm pbe syscall nx rdtscp lm constant_tsc arch_perfmon pebs bts rep_good nopl xtopology nonstop_tsc aperfmperf eagerfpu pni pclmulqdq dtes64 monitor ds_cpl vmx est tm2 ssse3 cx16 xtpr pdcm pcid sse4_1 sse4_2 x2apic popcnt tsc_deadline_timer xsave avx lahf_lm arat epb xsaveopt pln pts dtherm tpr_shadow vnmi flexpriority ept vpid
bogomips	: 4589.80
clflush size	: 64
cache_alignment	: 64
address sizes	: 36 bits physical, 48 bits virtual
power management:

processor	: 2
vendor_id	: GenuineIntel
cpu family	: 6
model		: 42
model name	: Intel(R) Core(TM) i3-2350M CPU @ 2.30GHz
stepping	: 7
microcode	: 0x28
cpu MHz		: 2300.000
cache size	: 3072 KB
physical id	: 0
siblings	: 4
core id		: 1
cpu cores	: 2
apicid		: 2
initial apicid	: 2
fpu		: yes
fpu_exception	: yes
cpuid level	: 13
wp		: yes
flags		: fpu vme de pse tsc msr pae mce cx8 apic sep mtrr pge mca cmov pat pse36 clflush dts acpi mmx fxsr sse sse2 ss ht tm pbe syscall nx rdtscp lm constant_tsc arch_perfmon pebs bts rep_good nopl xtopology nonstop_tsc aperfmperf eagerfpu pni pclmulqdq dtes64 monitor ds_cpl vmx est tm2 ssse3 cx16 xtpr pdcm pcid sse4_1 sse4_2 x2apic popcnt tsc_deadline_timer xsave avx lahf_lm arat epb xsaveopt pln pts dtherm tpr_shadow vnmi flexpriority ept vpid
bogomips	: 4589.80
clflush size	: 64
cache_alignment	: 64
address sizes	: 36 bits physical, 48 bits virtual
power management:

processor	: 3
vendor_id	: GenuineIntel
cpu family	: 6
model		: 42
model name	: Intel(R) Core(TM) i3-2350M CPU @ 2.30GHz
stepping	: 7
microcode	: 0x28
cpu MHz		: 1800.000
cache size	: 3072 KB
physical id	: 0
siblings	: 4
core id		: 1
cpu cores	: 2
apicid		: 3
initial apicid	: 3
fpu		: yes
fpu_exception	: yes
cpuid level	: 13
wp		: yes
flags		: fpu vme de pse tsc msr pae mce cx8 apic sep mtrr pge mca cmov pat pse36 clflush dts acpi mmx fxsr sse sse2 ss ht tm pbe syscall nx rdtscp lm constant_tsc arch_perfmon pebs bts rep_good nopl xtopology nonstop_tsc aperfmperf eagerfpu pni pclmulqdq dtes64 monitor ds_cpl vmx est tm2 ssse3 cx16 xtpr pdcm pcid sse4_1 sse4_2 x2apic popcnt tsc_deadline_timer xsave avx lahf_lm arat epb xsaveopt pln pts dtherm tpr_shadow vnmi flexpriority ept vpid
bogomips	: 4589.80
clflush size	: 64
cache_alignment	: 64
address sizes	: 36 bits physical, 48 bits virtual
power management:



Memory: 4k page, physical 8122800k(1222308k free), swap 0k(0k free)

vm_info: Java HotSpot(TM) 64-Bit Server VM (24.72-b04) for linux-amd64 JRE (1.7.0_72-b14), built on Sep 26 2014 18:20:41 by "java_re" with gcc 4.3.0 20080428 (Red Hat 4.3.0-8)

time: Thu Nov 20 17:03:52 2014
elapsed time: 0 seconds

