#
# A fatal error has been detected by the Java Runtime Environment:
#
#  Internal Error (javaClasses.cpp:136), pid=19784, tid=139654257522432
#  fatal error: Invalid layout of preloaded class
#
# JRE version:  (7.0_72-b14) (build )
# Java VM: Java HotSpot(TM) 64-Bit Server VM (24.72-b04 mixed mode linux-amd64 compressed oops)
# Failed to write core dump. Core dumps have been disabled. To enable core dumping, try "ulimit -c unlimited" before starting Java again
#
# If you would like to submit a bug report, please visit:
#   http://bugreport.sun.com/bugreport/crash.jsp
#

---------------  T H R E A D  ---------------

Current thread (0x00007f03c400a000):  JavaThread "Unknown thread" [_thread_in_vm, id=19786, stack(0x00007f03ca593000,0x00007f03ca694000)]

Stack: [0x00007f03ca593000,0x00007f03ca694000],  sp=0x00007f03ca6927b0,  free space=1021k
Native frames: (J=compiled Java code, j=interpreted, Vv=VM code, C=native code)
V  [libjvm.so+0x9a10fa]  VMError::report_and_die()+0x2ea
V  [libjvm.so+0x497919]  report_fatal(char const*, int, char const*)+0x59
V  [libjvm.so+0x6066c5]  compute_offset(int&, klassOopDesc*, Symbol*, Symbol*, bool)+0x135
V  [libjvm.so+0x607769]  java_lang_String::compute_offsets()+0x49
V  [libjvm.so+0x927185]  SystemDictionary::initialize_preloaded_classes(Thread*)+0x235
V  [libjvm.so+0x974af4]  Universe::genesis(Thread*)+0x494
V  [libjvm.so+0x974fa9]  universe2_init()+0x29
V  [libjvm.so+0x5b0fdd]  init_globals()+0xbd
V  [libjvm.so+0x95bbdd]  Threads::create_vm(JavaVMInitArgs*, bool*)+0x1ed
V  [libjvm.so+0x639234]  JNI_CreateJavaVM+0x74
C  [libjli.so+0x2f8e]  JavaMain+0x9e


---------------  P R O C E S S  ---------------

Java Threads: ( => current thread )

Other Threads:

=>0x00007f03c400a000 (exited) JavaThread "Unknown thread" [_thread_in_vm, id=19786, stack(0x00007f03ca593000,0x00007f03ca694000)]

VM state:not at safepoint (not fully initialized)

VM Mutex/Monitor currently owned by a thread: None

GC Heap History (0 events):
No events

Deoptimization events (0 events):
No events

Internal exceptions (0 events):
No events

Events (10 events):
Event: 0.008 loading class 0x00007f03bf8ab6f0 done
Event: 0.009 loading class 0x00007f03bf8ab110 done
Event: 0.009 loading class 0x00007f03bf8ab0f0
Event: 0.009 loading class 0x00007f03bf8b3240
Event: 0.009 loading class 0x00007f03bf8b3240 done
Event: 0.009 loading class 0x00007f03bf8b3270
Event: 0.009 loading class 0x00007f03bf8b3270 done
Event: 0.009 loading class 0x00007f03bf8b32a0
Event: 0.009 loading class 0x00007f03bf8b32a0 done
Event: 0.009 loading class 0x00007f03bf8ab0f0 done


Dynamic libraries:
00400000-00401000 r-xp 00000000 08:05 546533                             /usr/lib/jvm/java-7-oracle/bin/java
00600000-00601000 rw-p 00000000 08:05 546533                             /usr/lib/jvm/java-7-oracle/bin/java
0146c000-0148d000 rw-p 00000000 00:00 0                                  [heap]
77ee00000-780300000 rw-p 00000000 00:00 0 
780300000-784000000 rw-p 00000000 00:00 0 
784000000-789280000 rw-p 00000000 00:00 0 
789280000-7d6a80000 rw-p 00000000 00:00 0 
7d6a80000-7d9400000 rw-p 00000000 00:00 0 
7d9400000-800000000 rw-p 00000000 00:00 0 
7f03a3f70000-7f03a8000000 rw-p 00000000 00:00 0 
7f03a8000000-7f03a8021000 rw-p 00000000 00:00 0 
7f03a8021000-7f03ac000000 ---p 00000000 00:00 0 
7f03ac000000-7f03ac021000 rw-p 00000000 00:00 0 
7f03ac021000-7f03b0000000 ---p 00000000 00:00 0 
7f03b0000000-7f03b0021000 rw-p 00000000 00:00 0 
7f03b0021000-7f03b4000000 ---p 00000000 00:00 0 
7f03b8000000-7f03b8021000 rw-p 00000000 00:00 0 
7f03b8021000-7f03bc000000 ---p 00000000 00:00 0 
7f03bf517000-7f03bf75e000 rw-p 00000000 00:00 0 
7f03bf75e000-7f03bf835000 r--s 013fe000 08:05 942461                     /home/dave/Binaries/android-sdk-linux/platforms/android-19/android.jar
7f03bf835000-7f03bfd0f000 rw-p 00000000 00:00 0 
7f03bfd0f000-7f03bfd10000 ---p 00000000 00:00 0 
7f03bfd10000-7f03bfe10000 rw-p 00000000 00:00 0                          [stack:19794]
7f03bfe10000-7f03bfe11000 ---p 00000000 00:00 0 
7f03bfe11000-7f03bff11000 rw-p 00000000 00:00 0                          [stack:19793]
7f03bff11000-7f03bff12000 ---p 00000000 00:00 0 
7f03bff12000-7f03c0012000 rw-p 00000000 00:00 0                          [stack:19792]
7f03c0012000-7f03c0013000 ---p 00000000 00:00 0 
7f03c0013000-7f03c013d000 rw-p 00000000 00:00 0                          [stack:19791]
7f03c013d000-7f03c03a9000 rw-p 00000000 00:00 0 
7f03c03a9000-7f03c03b4000 rw-p 00000000 00:00 0 
7f03c03b4000-7f03c03d2000 rw-p 00000000 00:00 0 
7f03c03d2000-7f03c03fc000 rw-p 00000000 00:00 0 
7f03c03fc000-7f03c0667000 rw-p 00000000 00:00 0 
7f03c0667000-7f03c067c000 rw-p 00000000 00:00 0 
7f03c067c000-7f03c07b2000 rw-p 00000000 00:00 0 
7f03c07b2000-7f03c07b3000 rw-p 00000000 00:00 0 
7f03c07b3000-7f03c0a23000 rwxp 00000000 00:00 0 
7f03c0a23000-7f03c37b3000 rw-p 00000000 00:00 0 
7f03c37b3000-7f03c37cd000 r-xp 00000000 08:05 420760                     /usr/lib/jvm/java-7-oracle/jre/lib/amd64/libzip.so
7f03c37cd000-7f03c39cd000 ---p 0001a000 08:05 420760                     /usr/lib/jvm/java-7-oracle/jre/lib/amd64/libzip.so
7f03c39cd000-7f03c39ce000 rw-p 0001a000 08:05 420760                     /usr/lib/jvm/java-7-oracle/jre/lib/amd64/libzip.so
7f03c39ce000-7f03c39d9000 r-xp 00000000 08:05 1074296                    /lib/x86_64-linux-gnu/libnss_files-2.19.so
7f03c39d9000-7f03c3bd8000 ---p 0000b000 08:05 1074296                    /lib/x86_64-linux-gnu/libnss_files-2.19.so
7f03c3bd8000-7f03c3bd9000 r--p 0000a000 08:05 1074296                    /lib/x86_64-linux-gnu/libnss_files-2.19.so
7f03c3bd9000-7f03c3bda000 rw-p 0000b000 08:05 1074296                    /lib/x86_64-linux-gnu/libnss_files-2.19.so
7f03c3bda000-7f03c3be5000 r-xp 00000000 08:05 1074297                    /lib/x86_64-linux-gnu/libnss_nis-2.19.so
7f03c3be5000-7f03c3de4000 ---p 0000b000 08:05 1074297                    /lib/x86_64-linux-gnu/libnss_nis-2.19.so
7f03c3de4000-7f03c3de5000 r--p 0000a000 08:05 1074297                    /lib/x86_64-linux-gnu/libnss_nis-2.19.so
7f03c3de5000-7f03c3de6000 rw-p 0000b000 08:05 1074297                    /lib/x86_64-linux-gnu/libnss_nis-2.19.so
7f03c3de6000-7f03c3dfd000 r-xp 00000000 08:05 1074283                    /lib/x86_64-linux-gnu/libnsl-2.19.so
7f03c3dfd000-7f03c3ffc000 ---p 00017000 08:05 1074283                    /lib/x86_64-linux-gnu/libnsl-2.19.so
7f03c3ffc000-7f03c3ffd000 r--p 00016000 08:05 1074283                    /lib/x86_64-linux-gnu/libnsl-2.19.so
7f03c3ffd000-7f03c3ffe000 rw-p 00017000 08:05 1074283                    /lib/x86_64-linux-gnu/libnsl-2.19.so
7f03c3ffe000-7f03c4000000 rw-p 00000000 00:00 0 
7f03c4000000-7f03c4056000 rw-p 00000000 00:00 0 
7f03c4056000-7f03c8000000 ---p 00000000 00:00 0 
7f03c8027000-7f03c80aa000 rw-p 00000000 00:00 0 
7f03c80aa000-7f03c80c8000 rw-p 00000000 00:00 0 
7f03c80c8000-7f03c80d1000 r-xp 00000000 08:05 1074280                    /lib/x86_64-linux-gnu/libnss_compat-2.19.so
7f03c80d1000-7f03c82d0000 ---p 00009000 08:05 1074280                    /lib/x86_64-linux-gnu/libnss_compat-2.19.so
7f03c82d0000-7f03c82d1000 r--p 00008000 08:05 1074280                    /lib/x86_64-linux-gnu/libnss_compat-2.19.so
7f03c82d1000-7f03c82d2000 rw-p 00009000 08:05 1074280                    /lib/x86_64-linux-gnu/libnss_compat-2.19.so
7f03c82d2000-7f03c82fb000 r-xp 00000000 08:05 420757                     /usr/lib/jvm/java-7-oracle/jre/lib/amd64/libjava.so
7f03c82fb000-7f03c84fb000 ---p 00029000 08:05 420757                     /usr/lib/jvm/java-7-oracle/jre/lib/amd64/libjava.so
7f03c84fb000-7f03c84fd000 rw-p 00029000 08:05 420757                     /usr/lib/jvm/java-7-oracle/jre/lib/amd64/libjava.so
7f03c84fd000-7f03c850a000 r-xp 00000000 08:05 420733                     /usr/lib/jvm/java-7-oracle/jre/lib/amd64/libverify.so
7f03c850a000-7f03c8709000 ---p 0000d000 08:05 420733                     /usr/lib/jvm/java-7-oracle/jre/lib/amd64/libverify.so
7f03c8709000-7f03c870b000 rw-p 0000c000 08:05 420733                     /usr/lib/jvm/java-7-oracle/jre/lib/amd64/libverify.so
7f03c870b000-7f03c8712000 r-xp 00000000 08:05 1074285                    /lib/x86_64-linux-gnu/librt-2.19.so
7f03c8712000-7f03c8911000 ---p 00007000 08:05 1074285                    /lib/x86_64-linux-gnu/librt-2.19.so
7f03c8911000-7f03c8912000 r--p 00006000 08:05 1074285                    /lib/x86_64-linux-gnu/librt-2.19.so
7f03c8912000-7f03c8913000 rw-p 00007000 08:05 1074285                    /lib/x86_64-linux-gnu/librt-2.19.so
7f03c8913000-7f03c8a18000 r-xp 00000000 08:05 1074292                    /lib/x86_64-linux-gnu/libm-2.19.so
7f03c8a18000-7f03c8c17000 ---p 00105000 08:05 1074292                    /lib/x86_64-linux-gnu/libm-2.19.so
7f03c8c17000-7f03c8c18000 r--p 00104000 08:05 1074292                    /lib/x86_64-linux-gnu/libm-2.19.so
7f03c8c18000-7f03c8c19000 rw-p 00105000 08:05 1074292                    /lib/x86_64-linux-gnu/libm-2.19.so
7f03c8c19000-7f03c978c000 r-xp 00000000 08:05 546418                     /usr/lib/jvm/java-7-oracle/jre/lib/amd64/server/libjvm.so
7f03c978c000-7f03c998b000 ---p 00b73000 08:05 546418                     /usr/lib/jvm/java-7-oracle/jre/lib/amd64/server/libjvm.so
7f03c998b000-7f03c9a4f000 rw-p 00b72000 08:05 546418                     /usr/lib/jvm/java-7-oracle/jre/lib/amd64/server/libjvm.so
7f03c9a4f000-7f03c9a90000 rw-p 00000000 00:00 0 
7f03c9a90000-7f03c9c4b000 r-xp 00000000 08:05 1074289                    /lib/x86_64-linux-gnu/libc-2.19.so
7f03c9c4b000-7f03c9e4b000 ---p 001bb000 08:05 1074289                    /lib/x86_64-linux-gnu/libc-2.19.so
7f03c9e4b000-7f03c9e4f000 r--p 001bb000 08:05 1074289                    /lib/x86_64-linux-gnu/libc-2.19.so
7f03c9e4f000-7f03c9e51000 rw-p 001bf000 08:05 1074289                    /lib/x86_64-linux-gnu/libc-2.19.so
7f03c9e51000-7f03c9e56000 rw-p 00000000 00:00 0 
7f03c9e56000-7f03c9e59000 r-xp 00000000 08:05 1074301                    /lib/x86_64-linux-gnu/libdl-2.19.so
7f03c9e59000-7f03ca058000 ---p 00003000 08:05 1074301                    /lib/x86_64-linux-gnu/libdl-2.19.so
7f03ca058000-7f03ca059000 r--p 00002000 08:05 1074301                    /lib/x86_64-linux-gnu/libdl-2.19.so
7f03ca059000-7f03ca05a000 rw-p 00003000 08:05 1074301                    /lib/x86_64-linux-gnu/libdl-2.19.so
7f03ca05a000-7f03ca070000 r-xp 00000000 08:05 545277                     /usr/lib/jvm/java-7-oracle/lib/amd64/jli/libjli.so
7f03ca070000-7f03ca270000 ---p 00016000 08:05 545277                     /usr/lib/jvm/java-7-oracle/lib/amd64/jli/libjli.so
7f03ca270000-7f03ca271000 rw-p 00016000 08:05 545277                     /usr/lib/jvm/java-7-oracle/lib/amd64/jli/libjli.so
7f03ca271000-7f03ca28a000 r-xp 00000000 08:05 1074302                    /lib/x86_64-linux-gnu/libpthread-2.19.so
7f03ca28a000-7f03ca489000 ---p 00019000 08:05 1074302                    /lib/x86_64-linux-gnu/libpthread-2.19.so
7f03ca489000-7f03ca48a000 r--p 00018000 08:05 1074302                    /lib/x86_64-linux-gnu/libpthread-2.19.so
7f03ca48a000-7f03ca48b000 rw-p 00019000 08:05 1074302                    /lib/x86_64-linux-gnu/libpthread-2.19.so
7f03ca48b000-7f03ca48f000 rw-p 00000000 00:00 0 
7f03ca48f000-7f03ca4b2000 r-xp 00000000 08:05 1074290                    /lib/x86_64-linux-gnu/ld-2.19.so
7f03ca4d3000-7f03ca4dd000 rw-p 00000000 00:00 0 
7f03ca4dd000-7f03ca593000 rw-p 00000000 00:00 0 
7f03ca593000-7f03ca596000 ---p 00000000 00:00 0 
7f03ca596000-7f03ca698000 rw-p 00000000 00:00 0                          [stack:19786]
7f03ca6a3000-7f03ca6a5000 rw-p 00000000 00:00 0 
7f03ca6a5000-7f03ca6ad000 rw-s 00000000 08:05 22                         /tmp/hsperfdata_dave/19784
7f03ca6ad000-7f03ca6ae000 rw-p 00000000 00:00 0 
7f03ca6ae000-7f03ca6af000 r--p 00000000 00:00 0 
7f03ca6af000-7f03ca6b1000 rw-p 00000000 00:00 0 
7f03ca6b1000-7f03ca6b2000 r--p 00022000 08:05 1074290                    /lib/x86_64-linux-gnu/ld-2.19.so
7f03ca6b2000-7f03ca6b3000 rw-p 00023000 08:05 1074290                    /lib/x86_64-linux-gnu/ld-2.19.so
7f03ca6b3000-7f03ca6b4000 rw-p 00000000 00:00 0 
7fff543ef000-7fff54410000 rw-p 00000000 00:00 0                          [stack]
7fff5450b000-7fff5450d000 r-xp 00000000 00:00 0                          [vdso]
ffffffffff600000-ffffffffff601000 r-xp 00000000 00:00 0                  [vsyscall]

VM Arguments:
jvm_args: -Djava.library.path=/home/dave/Binaries/JOGL/lib/linux-amd64:/home/dave/Binaries/JOGL/lib/linux-amd64:/home/dave/Binaries/JOGL/lib/linux-amd64:/home/dave/Binaries/JOGL/lib/linux-amd64 -Dfile.encoding=UTF-8 -Xbootclasspath/p:/home/dave/Binaries/android-sdk-linux/platforms/android-19/android.jar 
java_command: com.IYYX.cardboard.Helpers.FilenameManager
Launcher Type: SUN_STANDARD

Environment Variables:
PATH=/usr/local/sbin:/usr/local/bin:/usr/sbin:/usr/bin:/sbin:/bin:/usr/games:/usr/local/games:/home/dave/Binaries
SHELL=/bin/bash
DISPLAY=:0

Signal Handlers:
SIGSEGV: [libjvm.so+0x9a1a10], sa_mask[0]=0x7ffbfeff, sa_flags=0x10000004
SIGBUS: [libjvm.so+0x9a1a10], sa_mask[0]=0x7ffbfeff, sa_flags=0x10000004
SIGFPE: [libjvm.so+0x81bae0], sa_mask[0]=0x7ffbfeff, sa_flags=0x10000004
SIGPIPE: [libjvm.so+0x81bae0], sa_mask[0]=0x7ffbfeff, sa_flags=0x10000004
SIGXFSZ: [libjvm.so+0x81bae0], sa_mask[0]=0x7ffbfeff, sa_flags=0x10000004
SIGILL: [libjvm.so+0x81bae0], sa_mask[0]=0x7ffbfeff, sa_flags=0x10000004
SIGUSR1: SIG_DFL, sa_mask[0]=0x00000000, sa_flags=0x00000000
SIGUSR2: [libjvm.so+0x81d2e0], sa_mask[0]=0x00000004, sa_flags=0x10000004
SIGHUP: SIG_DFL, sa_mask[0]=0x00000000, sa_flags=0x00000000
SIGINT: SIG_DFL, sa_mask[0]=0x00000000, sa_flags=0x00000000
SIGTERM: SIG_DFL, sa_mask[0]=0x00000000, sa_flags=0x00000000
SIGQUIT: SIG_DFL, sa_mask[0]=0x00000000, sa_flags=0x00000000


---------------  S Y S T E M  ---------------

OS:jessie/sid

uname:Linux 3.13.0-39-generic #66-Ubuntu SMP Tue Oct 28 13:30:27 UTC 2014 x86_64
libc:glibc 2.19 NPTL 2.19 
rlimit: STACK 8192k, CORE 0k, NPROC 63290, NOFILE 4096, AS infinity
load average:0.66 0.59 0.64

/proc/meminfo:
MemTotal:        8122800 kB
MemFree:          548896 kB
Buffers:         1647744 kB
Cached:          2383312 kB
SwapCached:            0 kB
Active:          2805880 kB
Inactive:        2703216 kB
Active(anon):    1479076 kB
Inactive(anon):   421596 kB
Active(file):    1326804 kB
Inactive(file):  2281620 kB
Unevictable:         192 kB
Mlocked:             192 kB
SwapTotal:             0 kB
SwapFree:              0 kB
Dirty:                84 kB
Writeback:             0 kB
AnonPages:       1478296 kB
Mapped:          1918068 kB
Shmem:            422636 kB
Slab:             259852 kB
SReclaimable:     203396 kB
SUnreclaim:        56456 kB
KernelStack:        4048 kB
PageTables:        35184 kB
NFS_Unstable:          0 kB
Bounce:                0 kB
WritebackTmp:          0 kB
CommitLimit:     4061400 kB
Committed_AS:    6461500 kB
VmallocTotal:   34359738367 kB
VmallocUsed:      553140 kB
VmallocChunk:   34359177536 kB
HardwareCorrupted:     0 kB
AnonHugePages:    991232 kB
HugePages_Total:       0
HugePages_Free:        0
HugePages_Rsvd:        0
HugePages_Surp:        0
Hugepagesize:       2048 kB
DirectMap4k:       73984 kB
DirectMap2M:     8261632 kB


CPU:total 4 (2 cores per cpu, 2 threads per core) family 6 model 42 stepping 7, cmov, cx8, fxsr, mmx, sse, sse2, sse3, ssse3, sse4.1, sse4.2, popcnt, avx, ht, tsc, tscinvbit

/proc/cpuinfo:
processor	: 0
vendor_id	: GenuineIntel
cpu family	: 6
model		: 42
model name	: Intel(R) Core(TM) i3-2350M CPU @ 2.30GHz
stepping	: 7
microcode	: 0x28
cpu MHz		: 2300.000
cache size	: 3072 KB
physical id	: 0
siblings	: 4
core id		: 0
cpu cores	: 2
apicid		: 0
initial apicid	: 0
fpu		: yes
fpu_exception	: yes
cpuid level	: 13
wp		: yes
flags		: fpu vme de pse tsc msr pae mce cx8 apic sep mtrr pge mca cmov pat pse36 clflush dts acpi mmx fxsr sse sse2 ss ht tm pbe syscall nx rdtscp lm constant_tsc arch_perfmon pebs bts rep_good nopl xtopology nonstop_tsc aperfmperf eagerfpu pni pclmulqdq dtes64 monitor ds_cpl vmx est tm2 ssse3 cx16 xtpr pdcm pcid sse4_1 sse4_2 x2apic popcnt tsc_deadline_timer xsave avx lahf_lm arat epb xsaveopt pln pts dtherm tpr_shadow vnmi flexpriority ept vpid
bogomips	: 4589.80
clflush size	: 64
cache_alignment	: 64
address sizes	: 36 bits physical, 48 bits virtual
power management:

processor	: 1
vendor_id	: GenuineIntel
cpu family	: 6
model		: 42
model name	: Intel(R) Core(TM) i3-2350M CPU @ 2.30GHz
stepping	: 7
microcode	: 0x28
cpu MHz		: 2300.000
cache size	: 3072 KB
physical id	: 0
siblings	: 4
core id		: 0
cpu cores	: 2
apicid		: 1
initial apicid	: 1
fpu		: yes
fpu_exception	: yes
cpuid level	: 13
wp		: yes
flags		: fpu vme de pse tsc msr pae mce cx8 apic sep mtrr pge mca cmov pat pse36 clflush dts acpi mmx fxsr sse sse2 ss ht tm pbe syscall nx rdtscp lm constant_tsc arch_perfmon pebs bts rep_good nopl xtopology nonstop_tsc aperfmperf eagerfpu pni pclmulqdq dtes64 monitor ds_cpl vmx est tm2 ssse3 cx16 xtpr pdcm pcid sse4_1 sse4_2 x2apic popcnt tsc_deadline_timer xsave avx lahf_lm arat epb xsaveopt pln pts dtherm tpr_shadow vnmi flexpriority ept vpid
bogomips	: 4589.80
clflush size	: 64
cache_alignment	: 64
address sizes	: 36 bits physical, 48 bits virtual
power management:

processor	: 2
vendor_id	: GenuineIntel
cpu family	: 6
model		: 42
model name	: Intel(R) Core(TM) i3-2350M CPU @ 2.30GHz
stepping	: 7
microcode	: 0x28
cpu MHz		: 2300.000
cache size	: 3072 KB
physical id	: 0
siblings	: 4
core id		: 1
cpu cores	: 2
apicid		: 2
initial apicid	: 2
fpu		: yes
fpu_exception	: yes
cpuid level	: 13
wp		: yes
flags		: fpu vme de pse tsc msr pae mce cx8 apic sep mtrr pge mca cmov pat pse36 clflush dts acpi mmx fxsr sse sse2 ss ht tm pbe syscall nx rdtscp lm constant_tsc arch_perfmon pebs bts rep_good nopl xtopology nonstop_tsc aperfmperf eagerfpu pni pclmulqdq dtes64 monitor ds_cpl vmx est tm2 ssse3 cx16 xtpr pdcm pcid sse4_1 sse4_2 x2apic popcnt tsc_deadline_timer xsave avx lahf_lm arat epb xsaveopt pln pts dtherm tpr_shadow vnmi flexpriority ept vpid
bogomips	: 4589.80
clflush size	: 64
cache_alignment	: 64
address sizes	: 36 bits physical, 48 bits virtual
power management:

processor	: 3
vendor_id	: GenuineIntel
cpu family	: 6
model		: 42
model name	: Intel(R) Core(TM) i3-2350M CPU @ 2.30GHz
stepping	: 7
microcode	: 0x28
cpu MHz		: 2300.000
cache size	: 3072 KB
physical id	: 0
siblings	: 4
core id		: 1
cpu cores	: 2
apicid		: 3
initial apicid	: 3
fpu		: yes
fpu_exception	: yes
cpuid level	: 13
wp		: yes
flags		: fpu vme de pse tsc msr pae mce cx8 apic sep mtrr pge mca cmov pat pse36 clflush dts acpi mmx fxsr sse sse2 ss ht tm pbe syscall nx rdtscp lm constant_tsc arch_perfmon pebs bts rep_good nopl xtopology nonstop_tsc aperfmperf eagerfpu pni pclmulqdq dtes64 monitor ds_cpl vmx est tm2 ssse3 cx16 xtpr pdcm pcid sse4_1 sse4_2 x2apic popcnt tsc_deadline_timer xsave avx lahf_lm arat epb xsaveopt pln pts dtherm tpr_shadow vnmi flexpriority ept vpid
bogomips	: 4589.80
clflush size	: 64
cache_alignment	: 64
address sizes	: 36 bits physical, 48 bits virtual
power management:



Memory: 4k page, physical 8122800k(548896k free), swap 0k(0k free)

vm_info: Java HotSpot(TM) 64-Bit Server VM (24.72-b04) for linux-amd64 JRE (1.7.0_72-b14), built on Sep 26 2014 18:20:41 by "java_re" with gcc 4.3.0 20080428 (Red Hat 4.3.0-8)

time: Fri Nov 21 00:42:38 2014
elapsed time: 0 seconds

