#
# A fatal error has been detected by the Java Runtime Environment:
#
#  Internal Error (javaClasses.cpp:136), pid=11545, tid=140542006281984
#  fatal error: Invalid layout of preloaded class
#
# JRE version:  (7.0_72-b14) (build )
# Java VM: Java HotSpot(TM) 64-Bit Server VM (24.72-b04 mixed mode linux-amd64 compressed oops)
# Failed to write core dump. Core dumps have been disabled. To enable core dumping, try "ulimit -c unlimited" before starting Java again
#
# If you would like to submit a bug report, please visit:
#   http://bugreport.sun.com/bugreport/crash.jsp
#

---------------  T H R E A D  ---------------

Current thread (0x00007fd27400a000):  JavaThread "Unknown thread" [_thread_in_vm, id=11552, stack(0x00007fd27c4c4000,0x00007fd27c5c5000)]

Stack: [0x00007fd27c4c4000,0x00007fd27c5c5000],  sp=0x00007fd27c5c37b0,  free space=1021k
Native frames: (J=compiled Java code, j=interpreted, Vv=VM code, C=native code)
V  [libjvm.so+0x9a10fa]  VMError::report_and_die()+0x2ea
V  [libjvm.so+0x497919]  report_fatal(char const*, int, char const*)+0x59
V  [libjvm.so+0x6066c5]  compute_offset(int&, klassOopDesc*, Symbol*, Symbol*, bool)+0x135
V  [libjvm.so+0x607769]  java_lang_String::compute_offsets()+0x49
V  [libjvm.so+0x927185]  SystemDictionary::initialize_preloaded_classes(Thread*)+0x235
V  [libjvm.so+0x974af4]  Universe::genesis(Thread*)+0x494
V  [libjvm.so+0x974fa9]  universe2_init()+0x29
V  [libjvm.so+0x5b0fdd]  init_globals()+0xbd
V  [libjvm.so+0x95bbdd]  Threads::create_vm(JavaVMInitArgs*, bool*)+0x1ed
V  [libjvm.so+0x639234]  JNI_CreateJavaVM+0x74
C  [libjli.so+0x2f8e]  JavaMain+0x9e


---------------  P R O C E S S  ---------------

Java Threads: ( => current thread )

Other Threads:

=>0x00007fd27400a000 (exited) JavaThread "Unknown thread" [_thread_in_vm, id=11552, stack(0x00007fd27c4c4000,0x00007fd27c5c5000)]

VM state:not at safepoint (not fully initialized)

VM Mutex/Monitor currently owned by a thread: None

GC Heap History (0 events):
No events

Deoptimization events (0 events):
No events

Internal exceptions (0 events):
No events

Events (10 events):
Event: 0.011 loading class 0x00007fd2784566f0 done
Event: 0.011 loading class 0x00007fd278456110 done
Event: 0.011 loading class 0x00007fd2784560f0
Event: 0.011 loading class 0x00007fd27845e240
Event: 0.011 loading class 0x00007fd27845e240 done
Event: 0.011 loading class 0x00007fd27845e270
Event: 0.011 loading class 0x00007fd27845e270 done
Event: 0.011 loading class 0x00007fd27845e2a0
Event: 0.011 loading class 0x00007fd27845e2a0 done
Event: 0.011 loading class 0x00007fd2784560f0 done


Dynamic libraries:
00400000-00401000 r-xp 00000000 08:13 931739                             /usr/lib/jvm/java-7-oracle/bin/java
00600000-00601000 rw-p 00000000 08:13 931739                             /usr/lib/jvm/java-7-oracle/bin/java
011bf000-011e0000 rw-p 00000000 00:00 0                                  [heap]
80e00000-82300000 rw-p 00000000 00:00 0 
82300000-86000000 rw-p 00000000 00:00 0 
86000000-8b100000 rw-p 00000000 00:00 0 
8b100000-d7500000 rw-p 00000000 00:00 0 
d7500000-d9e00000 rw-p 00000000 00:00 0 
d9e00000-100000000 rw-p 00000000 00:00 0 
7fd23c000000-7fd23c021000 rw-p 00000000 00:00 0 
7fd23c021000-7fd240000000 ---p 00000000 00:00 0 
7fd244000000-7fd244021000 rw-p 00000000 00:00 0 
7fd244021000-7fd248000000 ---p 00000000 00:00 0 
7fd24c000000-7fd24c021000 rw-p 00000000 00:00 0 
7fd24c021000-7fd250000000 ---p 00000000 00:00 0 
7fd254000000-7fd254021000 rw-p 00000000 00:00 0 
7fd254021000-7fd258000000 ---p 00000000 00:00 0 
7fd258000000-7fd258021000 rw-p 00000000 00:00 0 
7fd258021000-7fd25c000000 ---p 00000000 00:00 0 
7fd25c000000-7fd25c021000 rw-p 00000000 00:00 0 
7fd25c021000-7fd260000000 ---p 00000000 00:00 0 
7fd264000000-7fd264021000 rw-p 00000000 00:00 0 
7fd264021000-7fd268000000 ---p 00000000 00:00 0 
7fd268070000-7fd26c000000 rw-p 00000000 00:00 0 
7fd26c000000-7fd26c021000 rw-p 00000000 00:00 0 
7fd26c021000-7fd270000000 ---p 00000000 00:00 0 
7fd271000000-7fd271270000 rwxp 00000000 00:00 0 
7fd271270000-7fd27405e000 rw-p 00000000 00:00 0 
7fd27405e000-7fd278000000 ---p 00000000 00:00 0 
7fd27809b000-7fd278309000 rw-p 00000000 00:00 0 
7fd278309000-7fd2783e0000 r--s 013fe000 08:13 656673                     /home/c4phone/Binaries/Android-SDK/platforms/android-19/android.jar
7fd2783e0000-7fd2788fa000 rw-p 00000000 00:00 0 
7fd2788fa000-7fd2788fb000 ---p 00000000 00:00 0 
7fd2788fb000-7fd2789fb000 rw-p 00000000 00:00 0                          [stack:11560]
7fd2789fb000-7fd2789fc000 ---p 00000000 00:00 0 
7fd2789fc000-7fd278afc000 rw-p 00000000 00:00 0                          [stack:11559]
7fd278afc000-7fd278afd000 ---p 00000000 00:00 0 
7fd278afd000-7fd278bfd000 rw-p 00000000 00:00 0                          [stack:11558]
7fd278bfd000-7fd278bfe000 ---p 00000000 00:00 0 
7fd278bfe000-7fd278cfe000 rw-p 00000000 00:00 0                          [stack:11557]
7fd278cfe000-7fd278cff000 ---p 00000000 00:00 0 
7fd278cff000-7fd278dff000 rw-p 00000000 00:00 0                          [stack:11556]
7fd278dff000-7fd278e00000 ---p 00000000 00:00 0 
7fd278e00000-7fd278f00000 rw-p 00000000 00:00 0                          [stack:11555]
7fd278f00000-7fd278f01000 ---p 00000000 00:00 0 
7fd278f01000-7fd279001000 rw-p 00000000 00:00 0                          [stack:11554]
7fd279001000-7fd279002000 ---p 00000000 00:00 0 
7fd279002000-7fd27910d000 rw-p 00000000 00:00 0                          [stack:11553]
7fd27910d000-7fd27912b000 rw-p 00000000 00:00 0 
7fd27912b000-7fd279154000 rw-p 00000000 00:00 0 
7fd279154000-7fd2793b6000 rw-p 00000000 00:00 0 
7fd2793b6000-7fd2793c1000 rw-p 00000000 00:00 0 
7fd2793c1000-7fd2793df000 rw-p 00000000 00:00 0 
7fd2793df000-7fd279408000 rw-p 00000000 00:00 0 
7fd279408000-7fd279669000 rw-p 00000000 00:00 0 
7fd279669000-7fd27967e000 rw-p 00000000 00:00 0 
7fd27967e000-7fd2797af000 rw-p 00000000 00:00 0 
7fd2797af000-7fd2797b0000 rw-p 00000000 00:00 0 
7fd2797b0000-7fd2797ca000 r-xp 00000000 08:13 931834                     /usr/lib/jvm/java-7-oracle/jre/lib/amd64/libzip.so
7fd2797ca000-7fd2799ca000 ---p 0001a000 08:13 931834                     /usr/lib/jvm/java-7-oracle/jre/lib/amd64/libzip.so
7fd2799ca000-7fd2799cb000 rw-p 0001a000 08:13 931834                     /usr/lib/jvm/java-7-oracle/jre/lib/amd64/libzip.so
7fd2799cb000-7fd2799d6000 r-xp 00000000 08:13 2621542                    /lib/x86_64-linux-gnu/libnss_files-2.19.so
7fd2799d6000-7fd279bd5000 ---p 0000b000 08:13 2621542                    /lib/x86_64-linux-gnu/libnss_files-2.19.so
7fd279bd5000-7fd279bd6000 r--p 0000a000 08:13 2621542                    /lib/x86_64-linux-gnu/libnss_files-2.19.so
7fd279bd6000-7fd279bd7000 rw-p 0000b000 08:13 2621542                    /lib/x86_64-linux-gnu/libnss_files-2.19.so
7fd279bd7000-7fd279be2000 r-xp 00000000 08:13 2621543                    /lib/x86_64-linux-gnu/libnss_nis-2.19.so
7fd279be2000-7fd279de1000 ---p 0000b000 08:13 2621543                    /lib/x86_64-linux-gnu/libnss_nis-2.19.so
7fd279de1000-7fd279de2000 r--p 0000a000 08:13 2621543                    /lib/x86_64-linux-gnu/libnss_nis-2.19.so
7fd279de2000-7fd279de3000 rw-p 0000b000 08:13 2621543                    /lib/x86_64-linux-gnu/libnss_nis-2.19.so
7fd279de3000-7fd279dfa000 r-xp 00000000 08:13 2621529                    /lib/x86_64-linux-gnu/libnsl-2.19.so
7fd279dfa000-7fd279ff9000 ---p 00017000 08:13 2621529                    /lib/x86_64-linux-gnu/libnsl-2.19.so
7fd279ff9000-7fd279ffa000 r--p 00016000 08:13 2621529                    /lib/x86_64-linux-gnu/libnsl-2.19.so
7fd279ffa000-7fd279ffb000 rw-p 00017000 08:13 2621529                    /lib/x86_64-linux-gnu/libnsl-2.19.so
7fd279ffb000-7fd279ffd000 rw-p 00000000 00:00 0 
7fd279ffd000-7fd27a006000 r-xp 00000000 08:13 2621466                    /lib/x86_64-linux-gnu/libnss_compat-2.19.so
7fd27a006000-7fd27a205000 ---p 00009000 08:13 2621466                    /lib/x86_64-linux-gnu/libnss_compat-2.19.so
7fd27a205000-7fd27a206000 r--p 00008000 08:13 2621466                    /lib/x86_64-linux-gnu/libnss_compat-2.19.so
7fd27a206000-7fd27a207000 rw-p 00009000 08:13 2621466                    /lib/x86_64-linux-gnu/libnss_compat-2.19.so
7fd27a207000-7fd27a230000 r-xp 00000000 08:13 931807                     /usr/lib/jvm/java-7-oracle/jre/lib/amd64/libjava.so
7fd27a230000-7fd27a430000 ---p 00029000 08:13 931807                     /usr/lib/jvm/java-7-oracle/jre/lib/amd64/libjava.so
7fd27a430000-7fd27a432000 rw-p 00029000 08:13 931807                     /usr/lib/jvm/java-7-oracle/jre/lib/amd64/libjava.so
7fd27a432000-7fd27a43f000 r-xp 00000000 08:13 931801                     /usr/lib/jvm/java-7-oracle/jre/lib/amd64/libverify.so
7fd27a43f000-7fd27a63e000 ---p 0000d000 08:13 931801                     /usr/lib/jvm/java-7-oracle/jre/lib/amd64/libverify.so
7fd27a63e000-7fd27a640000 rw-p 0000c000 08:13 931801                     /usr/lib/jvm/java-7-oracle/jre/lib/amd64/libverify.so
7fd27a640000-7fd27a647000 r-xp 00000000 08:13 2621531                    /lib/x86_64-linux-gnu/librt-2.19.so
7fd27a647000-7fd27a846000 ---p 00007000 08:13 2621531                    /lib/x86_64-linux-gnu/librt-2.19.so
7fd27a846000-7fd27a847000 r--p 00006000 08:13 2621531                    /lib/x86_64-linux-gnu/librt-2.19.so
7fd27a847000-7fd27a848000 rw-p 00007000 08:13 2621531                    /lib/x86_64-linux-gnu/librt-2.19.so
7fd27a848000-7fd27a94d000 r-xp 00000000 08:13 2621538                    /lib/x86_64-linux-gnu/libm-2.19.so
7fd27a94d000-7fd27ab4c000 ---p 00105000 08:13 2621538                    /lib/x86_64-linux-gnu/libm-2.19.so
7fd27ab4c000-7fd27ab4d000 r--p 00104000 08:13 2621538                    /lib/x86_64-linux-gnu/libm-2.19.so
7fd27ab4d000-7fd27ab4e000 rw-p 00105000 08:13 2621538                    /lib/x86_64-linux-gnu/libm-2.19.so
7fd27ab4e000-7fd27b6c1000 r-xp 00000000 08:13 931831                     /usr/lib/jvm/java-7-oracle/jre/lib/amd64/server/libjvm.so
7fd27b6c1000-7fd27b8c0000 ---p 00b73000 08:13 931831                     /usr/lib/jvm/java-7-oracle/jre/lib/amd64/server/libjvm.so
7fd27b8c0000-7fd27b984000 rw-p 00b72000 08:13 931831                     /usr/lib/jvm/java-7-oracle/jre/lib/amd64/server/libjvm.so
7fd27b984000-7fd27b9c5000 rw-p 00000000 00:00 0 
7fd27b9c5000-7fd27bb80000 r-xp 00000000 08:13 2621535                    /lib/x86_64-linux-gnu/libc-2.19.so
7fd27bb80000-7fd27bd80000 ---p 001bb000 08:13 2621535                    /lib/x86_64-linux-gnu/libc-2.19.so
7fd27bd80000-7fd27bd84000 r--p 001bb000 08:13 2621535                    /lib/x86_64-linux-gnu/libc-2.19.so
7fd27bd84000-7fd27bd86000 rw-p 001bf000 08:13 2621535                    /lib/x86_64-linux-gnu/libc-2.19.so
7fd27bd86000-7fd27bd8b000 rw-p 00000000 00:00 0 
7fd27bd8b000-7fd27bd8e000 r-xp 00000000 08:13 2625556                    /lib/x86_64-linux-gnu/libdl-2.19.so
7fd27bd8e000-7fd27bf8d000 ---p 00003000 08:13 2625556                    /lib/x86_64-linux-gnu/libdl-2.19.so
7fd27bf8d000-7fd27bf8e000 r--p 00002000 08:13 2625556                    /lib/x86_64-linux-gnu/libdl-2.19.so
7fd27bf8e000-7fd27bf8f000 rw-p 00003000 08:13 2625556                    /lib/x86_64-linux-gnu/libdl-2.19.so
7fd27bf8f000-7fd27bfa5000 r-xp 00000000 08:13 933238                     /usr/lib/jvm/java-7-oracle/lib/amd64/jli/libjli.so
7fd27bfa5000-7fd27c1a5000 ---p 00016000 08:13 933238                     /usr/lib/jvm/java-7-oracle/lib/amd64/jli/libjli.so
7fd27c1a5000-7fd27c1a6000 rw-p 00016000 08:13 933238                     /usr/lib/jvm/java-7-oracle/lib/amd64/jli/libjli.so
7fd27c1a6000-7fd27c1bf000 r-xp 00000000 08:13 2628512                    /lib/x86_64-linux-gnu/libpthread-2.19.so
7fd27c1bf000-7fd27c3be000 ---p 00019000 08:13 2628512                    /lib/x86_64-linux-gnu/libpthread-2.19.so
7fd27c3be000-7fd27c3bf000 r--p 00018000 08:13 2628512                    /lib/x86_64-linux-gnu/libpthread-2.19.so
7fd27c3bf000-7fd27c3c0000 rw-p 00019000 08:13 2628512                    /lib/x86_64-linux-gnu/libpthread-2.19.so
7fd27c3c0000-7fd27c3c4000 rw-p 00000000 00:00 0 
7fd27c3c4000-7fd27c3e7000 r-xp 00000000 08:13 2621536                    /lib/x86_64-linux-gnu/ld-2.19.so
7fd27c404000-7fd27c40e000 rw-p 00000000 00:00 0 
7fd27c40e000-7fd27c4c4000 rw-p 00000000 00:00 0 
7fd27c4c4000-7fd27c4c7000 ---p 00000000 00:00 0 
7fd27c4c7000-7fd27c5c9000 rw-p 00000000 00:00 0                          [stack:11552]
7fd27c5d8000-7fd27c5da000 rw-p 00000000 00:00 0 
7fd27c5da000-7fd27c5e2000 rw-s 00000000 08:13 3021715                    /tmp/hsperfdata_c4phone/11545
7fd27c5e2000-7fd27c5e3000 rw-p 00000000 00:00 0 
7fd27c5e3000-7fd27c5e4000 r--p 00000000 00:00 0 
7fd27c5e4000-7fd27c5e6000 rw-p 00000000 00:00 0 
7fd27c5e6000-7fd27c5e7000 r--p 00022000 08:13 2621536                    /lib/x86_64-linux-gnu/ld-2.19.so
7fd27c5e7000-7fd27c5e8000 rw-p 00023000 08:13 2621536                    /lib/x86_64-linux-gnu/ld-2.19.so
7fd27c5e8000-7fd27c5e9000 rw-p 00000000 00:00 0 
7fffd2e18000-7fffd2e39000 rw-p 00000000 00:00 0                          [stack]
7fffd2f3c000-7fffd2f3e000 r-xp 00000000 00:00 0                          [vdso]
ffffffffff600000-ffffffffff601000 r-xp 00000000 00:00 0                  [vsyscall]

VM Arguments:
jvm_args: -Djava.library.path=/home/c4phone/Binaries/JOGL/lib:/home/c4phone/Binaries/JOGL/lib:/home/c4phone/Binaries/JOGL/lib:/home/c4phone/Binaries/JOGL/lib -Dfile.encoding=UTF-8 -Xbootclasspath/p:/home/c4phone/Binaries/Android-SDK/platforms/android-19/android.jar 
java_command: PureTcpIp.NetB2
Launcher Type: SUN_STANDARD

Environment Variables:
PATH=/usr/local/sbin:/usr/local/bin:/usr/sbin:/usr/bin:/sbin:/bin:/usr/games:/usr/local/games:/home/c4phone/Binaries
USERNAME=c4phone
SHELL=/bin/bash
DISPLAY=:0

Signal Handlers:
SIGSEGV: [libjvm.so+0x9a1a10], sa_mask[0]=0x7ffbfeff, sa_flags=0x10000004
SIGBUS: [libjvm.so+0x9a1a10], sa_mask[0]=0x7ffbfeff, sa_flags=0x10000004
SIGFPE: [libjvm.so+0x81bae0], sa_mask[0]=0x7ffbfeff, sa_flags=0x10000004
SIGPIPE: [libjvm.so+0x81bae0], sa_mask[0]=0x7ffbfeff, sa_flags=0x10000004
SIGXFSZ: [libjvm.so+0x81bae0], sa_mask[0]=0x7ffbfeff, sa_flags=0x10000004
SIGILL: [libjvm.so+0x81bae0], sa_mask[0]=0x7ffbfeff, sa_flags=0x10000004
SIGUSR1: SIG_DFL, sa_mask[0]=0x00000000, sa_flags=0x00000000
SIGUSR2: [libjvm.so+0x81d2e0], sa_mask[0]=0x00000004, sa_flags=0x10000004
SIGHUP: SIG_DFL, sa_mask[0]=0x00000000, sa_flags=0x00000000
SIGINT: SIG_DFL, sa_mask[0]=0x00000000, sa_flags=0x00000000
SIGTERM: SIG_DFL, sa_mask[0]=0x00000000, sa_flags=0x00000000
SIGQUIT: SIG_DFL, sa_mask[0]=0x00000000, sa_flags=0x00000000


---------------  S Y S T E M  ---------------

OS:jessie/sid

uname:Linux 3.13.0-39-generic #66-Ubuntu SMP Tue Oct 28 13:30:27 UTC 2014 x86_64
libc:glibc 2.19 NPTL 2.19 
rlimit: STACK 8192k, CORE 0k, NPROC 60682, NOFILE 4096, AS infinity
load average:0.29 0.45 0.61

/proc/meminfo:
MemTotal:        7990260 kB
MemFree:         2130608 kB
Buffers:         1310192 kB
Cached:          2510192 kB
SwapCached:            0 kB
Active:          2603976 kB
Inactive:        2867492 kB
Active(anon):    1652260 kB
Inactive(anon):   387244 kB
Active(file):     951716 kB
Inactive(file):  2480248 kB
Unevictable:           0 kB
Mlocked:               0 kB
SwapTotal:             0 kB
SwapFree:              0 kB
Dirty:               396 kB
Writeback:             0 kB
AnonPages:       1651132 kB
Mapped:           274424 kB
Shmem:            388420 kB
Slab:             271388 kB
SReclaimable:     182536 kB
SUnreclaim:        88852 kB
KernelStack:        4464 kB
PageTables:        29484 kB
NFS_Unstable:          0 kB
Bounce:                0 kB
WritebackTmp:          0 kB
CommitLimit:     3995128 kB
Committed_AS:    5100284 kB
VmallocTotal:   34359738367 kB
VmallocUsed:      355328 kB
VmallocChunk:   34359359612 kB
HardwareCorrupted:     0 kB
AnonHugePages:    817152 kB
HugePages_Total:       0
HugePages_Free:        0
HugePages_Rsvd:        0
HugePages_Surp:        0
Hugepagesize:       2048 kB
DirectMap4k:      100628 kB
DirectMap2M:     7051264 kB
DirectMap1G:     1048576 kB


CPU:total 8 (4 cores per cpu, 2 threads per core) family 6 model 60 stepping 3, cmov, cx8, fxsr, mmx, sse, sse2, sse3, ssse3, sse4.1, sse4.2, popcnt, avx, avx2, erms, ht, tsc, tscinvbit

/proc/cpuinfo:
processor	: 0
vendor_id	: GenuineIntel
cpu family	: 6
model		: 60
model name	: Intel(R) Core(TM) i7-4700HQ CPU @ 2.40GHz
stepping	: 3
microcode	: 0x12
cpu MHz		: 1300.000
cache size	: 6144 KB
physical id	: 0
siblings	: 8
core id		: 0
cpu cores	: 4
apicid		: 0
initial apicid	: 0
fpu		: yes
fpu_exception	: yes
cpuid level	: 13
wp		: yes
flags		: fpu vme de pse tsc msr pae mce cx8 apic sep mtrr pge mca cmov pat pse36 clflush dts acpi mmx fxsr sse sse2 ss ht tm pbe syscall nx pdpe1gb rdtscp lm constant_tsc arch_perfmon pebs bts rep_good nopl xtopology nonstop_tsc aperfmperf eagerfpu pni pclmulqdq dtes64 monitor ds_cpl vmx est tm2 ssse3 fma cx16 xtpr pdcm pcid sse4_1 sse4_2 x2apic movbe popcnt tsc_deadline_timer xsave avx f16c rdrand lahf_lm abm ida arat epb xsaveopt pln pts dtherm tpr_shadow vnmi flexpriority ept vpid fsgsbase tsc_adjust bmi1 avx2 smep bmi2 erms invpcid
bogomips	: 4789.20
clflush size	: 64
cache_alignment	: 64
address sizes	: 39 bits physical, 48 bits virtual
power management:

processor	: 1
vendor_id	: GenuineIntel
cpu family	: 6
model		: 60
model name	: Intel(R) Core(TM) i7-4700HQ CPU @ 2.40GHz
stepping	: 3
microcode	: 0x12
cpu MHz		: 800.000
cache size	: 6144 KB
physical id	: 0
siblings	: 8
core id		: 1
cpu cores	: 4
apicid		: 2
initial apicid	: 2
fpu		: yes
fpu_exception	: yes
cpuid level	: 13
wp		: yes
flags		: fpu vme de pse tsc msr pae mce cx8 apic sep mtrr pge mca cmov pat pse36 clflush dts acpi mmx fxsr sse sse2 ss ht tm pbe syscall nx pdpe1gb rdtscp lm constant_tsc arch_perfmon pebs bts rep_good nopl xtopology nonstop_tsc aperfmperf eagerfpu pni pclmulqdq dtes64 monitor ds_cpl vmx est tm2 ssse3 fma cx16 xtpr pdcm pcid sse4_1 sse4_2 x2apic movbe popcnt tsc_deadline_timer xsave avx f16c rdrand lahf_lm abm ida arat epb xsaveopt pln pts dtherm tpr_shadow vnmi flexpriority ept vpid fsgsbase tsc_adjust bmi1 avx2 smep bmi2 erms invpcid
bogomips	: 4789.20
clflush size	: 64
cache_alignment	: 64
address sizes	: 39 bits physical, 48 bits virtual
power management:

processor	: 2
vendor_id	: GenuineIntel
cpu family	: 6
model		: 60
model name	: Intel(R) Core(TM) i7-4700HQ CPU @ 2.40GHz
stepping	: 3
microcode	: 0x12
cpu MHz		: 2401.000
cache size	: 6144 KB
physical id	: 0
siblings	: 8
core id		: 2
cpu cores	: 4
apicid		: 4
initial apicid	: 4
fpu		: yes
fpu_exception	: yes
cpuid level	: 13
wp		: yes
flags		: fpu vme de pse tsc msr pae mce cx8 apic sep mtrr pge mca cmov pat pse36 clflush dts acpi mmx fxsr sse sse2 ss ht tm pbe syscall nx pdpe1gb rdtscp lm constant_tsc arch_perfmon pebs bts rep_good nopl xtopology nonstop_tsc aperfmperf eagerfpu pni pclmulqdq dtes64 monitor ds_cpl vmx est tm2 ssse3 fma cx16 xtpr pdcm pcid sse4_1 sse4_2 x2apic movbe popcnt tsc_deadline_timer xsave avx f16c rdrand lahf_lm abm ida arat epb xsaveopt pln pts dtherm tpr_shadow vnmi flexpriority ept vpid fsgsbase tsc_adjust bmi1 avx2 smep bmi2 erms invpcid
bogomips	: 4789.20
clflush size	: 64
cache_alignment	: 64
address sizes	: 39 bits physical, 48 bits virtual
power management:

processor	: 3
vendor_id	: GenuineIntel
cpu family	: 6
model		: 60
model name	: Intel(R) Core(TM) i7-4700HQ CPU @ 2.40GHz
stepping	: 3
microcode	: 0x12
cpu MHz		: 800.000
cache size	: 6144 KB
physical id	: 0
siblings	: 8
core id		: 3
cpu cores	: 4
apicid		: 6
initial apicid	: 6
fpu		: yes
fpu_exception	: yes
cpuid level	: 13
wp		: yes
flags		: fpu vme de pse tsc msr pae mce cx8 apic sep mtrr pge mca cmov pat pse36 clflush dts acpi mmx fxsr sse sse2 ss ht tm pbe syscall nx pdpe1gb rdtscp lm constant_tsc arch_perfmon pebs bts rep_good nopl xtopology nonstop_tsc aperfmperf eagerfpu pni pclmulqdq dtes64 monitor ds_cpl vmx est tm2 ssse3 fma cx16 xtpr pdcm pcid sse4_1 sse4_2 x2apic movbe popcnt tsc_deadline_timer xsave avx f16c rdrand lahf_lm abm ida arat epb xsaveopt pln pts dtherm tpr_shadow vnmi flexpriority ept vpid fsgsbase tsc_adjust bmi1 avx2 smep bmi2 erms invpcid
bogomips	: 4789.20
clflush size	: 64
cache_alignment	: 64
address sizes	: 39 bits physical, 48 bits virtual
power management:

processor	: 4
vendor_id	: GenuineIntel
cpu family	: 6
model		: 60
model name	: Intel(R) Core(TM) i7-4700HQ CPU @ 2.40GHz
stepping	: 3
microcode	: 0x12
cpu MHz		: 2401.000
cache size	: 6144 KB
physical id	: 0
siblings	: 8
core id		: 0
cpu cores	: 4
apicid		: 1
initial apicid	: 1
fpu		: yes
fpu_exception	: yes
cpuid level	: 13
wp		: yes
flags		: fpu vme de pse tsc msr pae mce cx8 apic sep mtrr pge mca cmov pat pse36 clflush dts acpi mmx fxsr sse sse2 ss ht tm pbe syscall nx pdpe1gb rdtscp lm constant_tsc arch_perfmon pebs bts rep_good nopl xtopology nonstop_tsc aperfmperf eagerfpu pni pclmulqdq dtes64 monitor ds_cpl vmx est tm2 ssse3 fma cx16 xtpr pdcm pcid sse4_1 sse4_2 x2apic movbe popcnt tsc_deadline_timer xsave avx f16c rdrand lahf_lm abm ida arat epb xsaveopt pln pts dtherm tpr_shadow vnmi flexpriority ept vpid fsgsbase tsc_adjust bmi1 avx2 smep bmi2 erms invpcid
bogomips	: 4789.20
clflush size	: 64
cache_alignment	: 64
address sizes	: 39 bits physical, 48 bits virtual
power management:

processor	: 5
vendor_id	: GenuineIntel
cpu family	: 6
model		: 60
model name	: Intel(R) Core(TM) i7-4700HQ CPU @ 2.40GHz
stepping	: 3
microcode	: 0x12
cpu MHz		: 1000.000
cache size	: 6144 KB
physical id	: 0
siblings	: 8
core id		: 1
cpu cores	: 4
apicid		: 3
initial apicid	: 3
fpu		: yes
fpu_exception	: yes
cpuid level	: 13
wp		: yes
flags		: fpu vme de pse tsc msr pae mce cx8 apic sep mtrr pge mca cmov pat pse36 clflush dts acpi mmx fxsr sse sse2 ss ht tm pbe syscall nx pdpe1gb rdtscp lm constant_tsc arch_perfmon pebs bts rep_good nopl xtopology nonstop_tsc aperfmperf eagerfpu pni pclmulqdq dtes64 monitor ds_cpl vmx est tm2 ssse3 fma cx16 xtpr pdcm pcid sse4_1 sse4_2 x2apic movbe popcnt tsc_deadline_timer xsave avx f16c rdrand lahf_lm abm ida arat epb xsaveopt pln pts dtherm tpr_shadow vnmi flexpriority ept vpid fsgsbase tsc_adjust bmi1 avx2 smep bmi2 erms invpcid
bogomips	: 4789.20
clflush size	: 64
cache_alignment	: 64
address sizes	: 39 bits physical, 48 bits virtual
power management:

processor	: 6
vendor_id	: GenuineIntel
cpu family	: 6
model		: 60
model name	: Intel(R) Core(TM) i7-4700HQ CPU @ 2.40GHz
stepping	: 3
microcode	: 0x12
cpu MHz		: 2401.000
cache size	: 6144 KB
physical id	: 0
siblings	: 8
core id		: 2
cpu cores	: 4
apicid		: 5
initial apicid	: 5
fpu		: yes
fpu_exception	: yes
cpuid level	: 13
wp		: yes
flags		: fpu vme de pse tsc msr pae mce cx8 apic sep mtrr pge mca cmov pat pse36 clflush dts acpi mmx fxsr sse sse2 ss ht tm pbe syscall nx pdpe1gb rdtscp lm constant_tsc arch_perfmon pebs bts rep_good nopl xtopology nonstop_tsc aperfmperf eagerfpu pni pclmulqdq dtes64 monitor ds_cpl vmx est tm2 ssse3 fma cx16 xtpr pdcm pcid sse4_1 sse4_2 x2apic movbe popcnt tsc_deadline_timer xsave avx f16c rdrand lahf_lm abm ida arat epb xsaveopt pln pts dtherm tpr_shadow vnmi flexpriority ept vpid fsgsbase tsc_adjust bmi1 avx2 smep bmi2 erms invpcid
bogomips	: 4789.20
clflush size	: 64
cache_alignment	: 64
address sizes	: 39 bits physical, 48 bits virtual
power management:

processor	: 7
vendor_id	: GenuineIntel
cpu family	: 6
model		: 60
model name	: Intel(R) Core(TM) i7-4700HQ CPU @ 2.40GHz
stepping	: 3
microcode	: 0x12
cpu MHz		: 800.000
cache size	: 6144 KB
physical id	: 0
siblings	: 8
core id		: 3
cpu cores	: 4
apicid		: 7
initial apicid	: 7
fpu		: yes
fpu_exception	: yes
cpuid level	: 13
wp		: yes
flags		: fpu vme de pse tsc msr pae mce cx8 apic sep mtrr pge mca cmov pat pse36 clflush dts acpi mmx fxsr sse sse2 ss ht tm pbe syscall nx pdpe1gb rdtscp lm constant_tsc arch_perfmon pebs bts rep_good nopl xtopology nonstop_tsc aperfmperf eagerfpu pni pclmulqdq dtes64 monitor ds_cpl vmx est tm2 ssse3 fma cx16 xtpr pdcm pcid sse4_1 sse4_2 x2apic movbe popcnt tsc_deadline_timer xsave avx f16c rdrand lahf_lm abm ida arat epb xsaveopt pln pts dtherm tpr_shadow vnmi flexpriority ept vpid fsgsbase tsc_adjust bmi1 avx2 smep bmi2 erms invpcid
bogomips	: 4789.20
clflush size	: 64
cache_alignment	: 64
address sizes	: 39 bits physical, 48 bits virtual
power management:



Memory: 4k page, physical 7990260k(2130060k free), swap 0k(0k free)

vm_info: Java HotSpot(TM) 64-Bit Server VM (24.72-b04) for linux-amd64 JRE (1.7.0_72-b14), built on Sep 26 2014 18:20:41 by "java_re" with gcc 4.3.0 20080428 (Red Hat 4.3.0-8)

time: Sat Nov 15 02:18:04 2014
elapsed time: 0 seconds

