#
# A fatal error has been detected by the Java Runtime Environment:
#
#  Internal Error (javaClasses.cpp:136), pid=32058, tid=139852522919680
#  fatal error: Invalid layout of preloaded class
#
# JRE version:  (7.0_67-b01) (build )
# Java VM: Java HotSpot(TM) 64-Bit Server VM (24.65-b04 mixed mode linux-amd64 compressed oops)
# Failed to write core dump. Core dumps have been disabled. To enable core dumping, try "ulimit -c unlimited" before starting Java again
#
# If you would like to submit a bug report, please visit:
#   http://bugreport.sun.com/bugreport/crash.jsp
#

---------------  T H R E A D  ---------------

Current thread (0x00007f31ec009800):  JavaThread "Unknown thread" [_thread_in_vm, id=32063, stack(0x00007f31f3e31000,0x00007f31f3f32000)]

Stack: [0x00007f31f3e31000,0x00007f31f3f32000],  sp=0x00007f31f3f307d0,  free space=1021k
Native frames: (J=compiled Java code, j=interpreted, Vv=VM code, C=native code)
V  [libjvm.so+0x99eb8a]  VMError::report_and_die()+0x2ea
V  [libjvm.so+0x4975d9]  report_fatal(char const*, int, char const*)+0x59
V  [libjvm.so+0x6056e0]  compute_offset(int&, klassOopDesc*, Symbol*, Symbol*, bool)+0x140
V  [libjvm.so+0x606249]  java_lang_String::compute_offsets()+0x39
V  [libjvm.so+0x925e95]  SystemDictionary::initialize_preloaded_classes(Thread*)+0x235
V  [libjvm.so+0x9737f4]  Universe::genesis(Thread*)+0x494
V  [libjvm.so+0x973ca9]  universe2_init()+0x29
V  [libjvm.so+0x5b0a4d]  init_globals()+0xbd
V  [libjvm.so+0x95a8ed]  Threads::create_vm(JavaVMInitArgs*, bool*)+0x1ed
V  [libjvm.so+0x638a34]  JNI_CreateJavaVM+0x74
C  [libjli.so+0x2f8e]  JavaMain+0x9e


---------------  P R O C E S S  ---------------

Java Threads: ( => current thread )

Other Threads:

=>0x00007f31ec009800 (exited) JavaThread "Unknown thread" [_thread_in_vm, id=32063, stack(0x00007f31f3e31000,0x00007f31f3f32000)]

VM state:not at safepoint (not fully initialized)

VM Mutex/Monitor currently owned by a thread: None

GC Heap History (0 events):
No events

Deoptimization events (0 events):
No events

Internal exceptions (0 events):
No events

Events (10 events):
Event: 0.004 loading class 0x00007f31f01c66f0 done
Event: 0.004 loading class 0x00007f31f01c6110 done
Event: 0.004 loading class 0x00007f31f01c60f0
Event: 0.004 loading class 0x00007f31f01ce240
Event: 0.004 loading class 0x00007f31f01ce240 done
Event: 0.004 loading class 0x00007f31f01ce270
Event: 0.004 loading class 0x00007f31f01ce270 done
Event: 0.004 loading class 0x00007f31f01ce2a0
Event: 0.004 loading class 0x00007f31f01ce2a0 done
Event: 0.004 loading class 0x00007f31f01c60f0 done


Dynamic libraries:
00400000-00401000 r-xp 00000000 08:11 1719375                            /usr/lib/jvm/java-7-oracle/bin/java
00600000-00601000 rw-p 00000000 08:11 1719375                            /usr/lib/jvm/java-7-oracle/bin/java
01d08000-01d29000 rw-p 00000000 00:00 0                                  [heap]
80e00000-82300000 rw-p 00000000 00:00 0 
82300000-86000000 rw-p 00000000 00:00 0 
86000000-8b100000 rw-p 00000000 00:00 0 
8b100000-d7500000 rw-p 00000000 00:00 0 
d7500000-d9e00000 rw-p 00000000 00:00 0 
d9e00000-100000000 rw-p 00000000 00:00 0 
7f31bc000000-7f31bc021000 rw-p 00000000 00:00 0 
7f31bc021000-7f31c0000000 ---p 00000000 00:00 0 
7f31c4000000-7f31c4021000 rw-p 00000000 00:00 0 
7f31c4021000-7f31c8000000 ---p 00000000 00:00 0 
7f31cc000000-7f31cc021000 rw-p 00000000 00:00 0 
7f31cc021000-7f31d0000000 ---p 00000000 00:00 0 
7f31d0070000-7f31d4000000 rw-p 00000000 00:00 0 
7f31d4000000-7f31d4021000 rw-p 00000000 00:00 0 
7f31d4021000-7f31d8000000 ---p 00000000 00:00 0 
7f31d8000000-7f31d8021000 rw-p 00000000 00:00 0 
7f31d8021000-7f31dc000000 ---p 00000000 00:00 0 
7f31dc000000-7f31dc021000 rw-p 00000000 00:00 0 
7f31dc021000-7f31e0000000 ---p 00000000 00:00 0 
7f31e0000000-7f31e0021000 rw-p 00000000 00:00 0 
7f31e0021000-7f31e4000000 ---p 00000000 00:00 0 
7f31e4000000-7f31e4021000 rw-p 00000000 00:00 0 
7f31e4021000-7f31e8000000 ---p 00000000 00:00 0 
7f31e89c0000-7f31e9000000 rw-p 00000000 00:00 0 
7f31e9000000-7f31e9270000 rwxp 00000000 00:00 0 
7f31e9270000-7f31ec05c000 rw-p 00000000 00:00 0 
7f31ec05c000-7f31f0000000 ---p 00000000 00:00 0 
7f31f0052000-7f31f0079000 rw-p 00000000 00:00 0 
7f31f0079000-7f31f0150000 r--s 013fe000 00:1a 1318186                    /home/c4phone/android-sdk-linux/platforms/android-19/android.jar
7f31f0150000-7f31f0271000 rw-p 00000000 00:00 0 
7f31f0271000-7f31f0272000 ---p 00000000 00:00 0 
7f31f0272000-7f31f0372000 rw-p 00000000 00:00 0                          [stack:32071]
7f31f0372000-7f31f0373000 ---p 00000000 00:00 0 
7f31f0373000-7f31f0473000 rw-p 00000000 00:00 0                          [stack:32070]
7f31f0473000-7f31f0474000 ---p 00000000 00:00 0 
7f31f0474000-7f31f0574000 rw-p 00000000 00:00 0                          [stack:32069]
7f31f0574000-7f31f0575000 ---p 00000000 00:00 0 
7f31f0575000-7f31f0675000 rw-p 00000000 00:00 0                          [stack:32068]
7f31f0675000-7f31f0676000 ---p 00000000 00:00 0 
7f31f0676000-7f31f0776000 rw-p 00000000 00:00 0                          [stack:32067]
7f31f0776000-7f31f0777000 ---p 00000000 00:00 0 
7f31f0777000-7f31f0877000 rw-p 00000000 00:00 0                          [stack:32066]
7f31f0877000-7f31f0878000 ---p 00000000 00:00 0 
7f31f0878000-7f31f0978000 rw-p 00000000 00:00 0                          [stack:32065]
7f31f0978000-7f31f0979000 ---p 00000000 00:00 0 
7f31f0979000-7f31f0a84000 rw-p 00000000 00:00 0                          [stack:32064]
7f31f0a84000-7f31f0aa2000 rw-p 00000000 00:00 0 
7f31f0aa2000-7f31f0acb000 rw-p 00000000 00:00 0 
7f31f0acb000-7f31f0d2d000 rw-p 00000000 00:00 0 
7f31f0d2d000-7f31f0d38000 rw-p 00000000 00:00 0 
7f31f0d38000-7f31f0d56000 rw-p 00000000 00:00 0 
7f31f0d56000-7f31f0d7f000 rw-p 00000000 00:00 0 
7f31f0d7f000-7f31f0fe0000 rw-p 00000000 00:00 0 
7f31f0fe0000-7f31f0ff5000 rw-p 00000000 00:00 0 
7f31f0ff5000-7f31f1126000 rw-p 00000000 00:00 0 
7f31f1126000-7f31f1127000 rw-p 00000000 00:00 0 
7f31f1127000-7f31f1141000 r-xp 00000000 08:11 1718542                    /usr/lib/jvm/java-7-oracle/jre/lib/amd64/libzip.so
7f31f1141000-7f31f1341000 ---p 0001a000 08:11 1718542                    /usr/lib/jvm/java-7-oracle/jre/lib/amd64/libzip.so
7f31f1341000-7f31f1342000 rw-p 0001a000 08:11 1718542                    /usr/lib/jvm/java-7-oracle/jre/lib/amd64/libzip.so
7f31f1342000-7f31f134d000 r-xp 00000000 08:11 269276                     /lib/x86_64-linux-gnu/libnss_files-2.19.so
7f31f134d000-7f31f154c000 ---p 0000b000 08:11 269276                     /lib/x86_64-linux-gnu/libnss_files-2.19.so
7f31f154c000-7f31f154d000 r--p 0000a000 08:11 269276                     /lib/x86_64-linux-gnu/libnss_files-2.19.so
7f31f154d000-7f31f154e000 rw-p 0000b000 08:11 269276                     /lib/x86_64-linux-gnu/libnss_files-2.19.so
7f31f154e000-7f31f1559000 r-xp 00000000 08:11 269277                     /lib/x86_64-linux-gnu/libnss_nis-2.19.so
7f31f1559000-7f31f1758000 ---p 0000b000 08:11 269277                     /lib/x86_64-linux-gnu/libnss_nis-2.19.so
7f31f1758000-7f31f1759000 r--p 0000a000 08:11 269277                     /lib/x86_64-linux-gnu/libnss_nis-2.19.so
7f31f1759000-7f31f175a000 rw-p 0000b000 08:11 269277                     /lib/x86_64-linux-gnu/libnss_nis-2.19.so
7f31f175a000-7f31f1771000 r-xp 00000000 08:11 266183                     /lib/x86_64-linux-gnu/libnsl-2.19.so
7f31f1771000-7f31f1970000 ---p 00017000 08:11 266183                     /lib/x86_64-linux-gnu/libnsl-2.19.so
7f31f1970000-7f31f1971000 r--p 00016000 08:11 266183                     /lib/x86_64-linux-gnu/libnsl-2.19.so
7f31f1971000-7f31f1972000 rw-p 00017000 08:11 266183                     /lib/x86_64-linux-gnu/libnsl-2.19.so
7f31f1972000-7f31f1974000 rw-p 00000000 00:00 0 
7f31f1974000-7f31f197d000 r-xp 00000000 08:11 262159                     /lib/x86_64-linux-gnu/libnss_compat-2.19.so
7f31f197d000-7f31f1b7c000 ---p 00009000 08:11 262159                     /lib/x86_64-linux-gnu/libnss_compat-2.19.so
7f31f1b7c000-7f31f1b7d000 r--p 00008000 08:11 262159                     /lib/x86_64-linux-gnu/libnss_compat-2.19.so
7f31f1b7d000-7f31f1b7e000 rw-p 00009000 08:11 262159                     /lib/x86_64-linux-gnu/libnss_compat-2.19.so
7f31f1b7e000-7f31f1ba7000 r-xp 00000000 08:11 1718576                    /usr/lib/jvm/java-7-oracle/jre/lib/amd64/libjava.so
7f31f1ba7000-7f31f1da7000 ---p 00029000 08:11 1718576                    /usr/lib/jvm/java-7-oracle/jre/lib/amd64/libjava.so
7f31f1da7000-7f31f1da9000 rw-p 00029000 08:11 1718576                    /usr/lib/jvm/java-7-oracle/jre/lib/amd64/libjava.so
7f31f1da9000-7f31f1db6000 r-xp 00000000 08:11 1718526                    /usr/lib/jvm/java-7-oracle/jre/lib/amd64/libverify.so
7f31f1db6000-7f31f1fb5000 ---p 0000d000 08:11 1718526                    /usr/lib/jvm/java-7-oracle/jre/lib/amd64/libverify.so
7f31f1fb5000-7f31f1fb7000 rw-p 0000c000 08:11 1718526                    /usr/lib/jvm/java-7-oracle/jre/lib/amd64/libverify.so
7f31f1fb7000-7f31f1fbe000 r-xp 00000000 08:11 266185                     /lib/x86_64-linux-gnu/librt-2.19.so
7f31f1fbe000-7f31f21bd000 ---p 00007000 08:11 266185                     /lib/x86_64-linux-gnu/librt-2.19.so
7f31f21bd000-7f31f21be000 r--p 00006000 08:11 266185                     /lib/x86_64-linux-gnu/librt-2.19.so
7f31f21be000-7f31f21bf000 rw-p 00007000 08:11 266185                     /lib/x86_64-linux-gnu/librt-2.19.so
7f31f21bf000-7f31f22c4000 r-xp 00000000 08:11 269272                     /lib/x86_64-linux-gnu/libm-2.19.so
7f31f22c4000-7f31f24c3000 ---p 00105000 08:11 269272                     /lib/x86_64-linux-gnu/libm-2.19.so
7f31f24c3000-7f31f24c4000 r--p 00104000 08:11 269272                     /lib/x86_64-linux-gnu/libm-2.19.so
7f31f24c4000-7f31f24c5000 rw-p 00105000 08:11 269272                     /lib/x86_64-linux-gnu/libm-2.19.so
7f31f24c5000-7f31f3035000 r-xp 00000000 08:11 1718537                    /usr/lib/jvm/java-7-oracle/jre/lib/amd64/server/libjvm.so
7f31f3035000-7f31f3234000 ---p 00b70000 08:11 1718537                    /usr/lib/jvm/java-7-oracle/jre/lib/amd64/server/libjvm.so
7f31f3234000-7f31f32f9000 rw-p 00b6f000 08:11 1718537                    /usr/lib/jvm/java-7-oracle/jre/lib/amd64/server/libjvm.so
7f31f32f9000-7f31f3339000 rw-p 00000000 00:00 0 
7f31f3339000-7f31f34f4000 r-xp 00000000 08:11 266243                     /lib/x86_64-linux-gnu/libc-2.19.so
7f31f34f4000-7f31f36f4000 ---p 001bb000 08:11 266243                     /lib/x86_64-linux-gnu/libc-2.19.so
7f31f36f4000-7f31f36f8000 r--p 001bb000 08:11 266243                     /lib/x86_64-linux-gnu/libc-2.19.so
7f31f36f8000-7f31f36fa000 rw-p 001bf000 08:11 266243                     /lib/x86_64-linux-gnu/libc-2.19.so
7f31f36fa000-7f31f36ff000 rw-p 00000000 00:00 0 
7f31f36ff000-7f31f3702000 r-xp 00000000 08:11 269281                     /lib/x86_64-linux-gnu/libdl-2.19.so
7f31f3702000-7f31f3901000 ---p 00003000 08:11 269281                     /lib/x86_64-linux-gnu/libdl-2.19.so
7f31f3901000-7f31f3902000 r--p 00002000 08:11 269281                     /lib/x86_64-linux-gnu/libdl-2.19.so
7f31f3902000-7f31f3903000 rw-p 00003000 08:11 269281                     /lib/x86_64-linux-gnu/libdl-2.19.so
7f31f3903000-7f31f3919000 r-xp 00000000 08:11 1714361                    /usr/lib/jvm/java-7-oracle/lib/amd64/jli/libjli.so
7f31f3919000-7f31f3b19000 ---p 00016000 08:11 1714361                    /usr/lib/jvm/java-7-oracle/lib/amd64/jli/libjli.so
7f31f3b19000-7f31f3b1a000 rw-p 00016000 08:11 1714361                    /usr/lib/jvm/java-7-oracle/lib/amd64/jli/libjli.so
7f31f3b1a000-7f31f3b33000 r-xp 00000000 08:11 269282                     /lib/x86_64-linux-gnu/libpthread-2.19.so
7f31f3b33000-7f31f3d32000 ---p 00019000 08:11 269282                     /lib/x86_64-linux-gnu/libpthread-2.19.so
7f31f3d32000-7f31f3d33000 r--p 00018000 08:11 269282                     /lib/x86_64-linux-gnu/libpthread-2.19.so
7f31f3d33000-7f31f3d34000 rw-p 00019000 08:11 269282                     /lib/x86_64-linux-gnu/libpthread-2.19.so
7f31f3d34000-7f31f3d38000 rw-p 00000000 00:00 0 
7f31f3d38000-7f31f3d5b000 r-xp 00000000 08:11 266288                     /lib/x86_64-linux-gnu/ld-2.19.so
7f31f3d71000-7f31f3d7b000 rw-p 00000000 00:00 0 
7f31f3d7b000-7f31f3e31000 rw-p 00000000 00:00 0 
7f31f3e31000-7f31f3e34000 ---p 00000000 00:00 0 
7f31f3e34000-7f31f3f36000 rw-p 00000000 00:00 0                          [stack:32063]
7f31f3f4c000-7f31f3f4e000 rw-p 00000000 00:00 0 
7f31f3f4e000-7f31f3f56000 rw-s 00000000 08:11 2362460                    /tmp/hsperfdata_c4phone/32058
7f31f3f56000-7f31f3f57000 rw-p 00000000 00:00 0 
7f31f3f57000-7f31f3f58000 r--p 00000000 00:00 0 
7f31f3f58000-7f31f3f5a000 rw-p 00000000 00:00 0 
7f31f3f5a000-7f31f3f5b000 r--p 00022000 08:11 266288                     /lib/x86_64-linux-gnu/ld-2.19.so
7f31f3f5b000-7f31f3f5c000 rw-p 00023000 08:11 266288                     /lib/x86_64-linux-gnu/ld-2.19.so
7f31f3f5c000-7f31f3f5d000 rw-p 00000000 00:00 0 
7fff0924a000-7fff0926b000 rw-p 00000000 00:00 0                          [stack]
7fff0933c000-7fff0933e000 r-xp 00000000 00:00 0                          [vdso]
ffffffffff600000-ffffffffff601000 r-xp 00000000 00:00 0                  [vsyscall]

VM Arguments:
jvm_args: -Dfile.encoding=UTF-8 -Xbootclasspath:/home/c4phone/android-sdk-linux/platforms/android-19/android.jar 
java_command: PiServerA
Launcher Type: SUN_STANDARD

Environment Variables:
JAVA_HOME=/usr/lib/jvm/java-7-oracle
PATH=/home/c4phone/bin:/usr/local/sbin:/usr/local/bin:/usr/sbin:/usr/bin:/sbin:/bin:/usr/games:/usr/local/games:/usr/lib/jvm/java-7-oracle/bin:/usr/lib/jvm/java-7-oracle/db/bin:/usr/lib/jvm/java-7-oracle/jre/bin
SHELL=/bin/bash
DISPLAY=:0

Signal Handlers:
SIGSEGV: [libjvm.so+0x99f4a0], sa_mask[0]=0x7ffbfeff, sa_flags=0x10000004
SIGBUS: [libjvm.so+0x99f4a0], sa_mask[0]=0x7ffbfeff, sa_flags=0x10000004
SIGFPE: [libjvm.so+0x81a860], sa_mask[0]=0x7ffbfeff, sa_flags=0x10000004
SIGPIPE: [libjvm.so+0x81a860], sa_mask[0]=0x7ffbfeff, sa_flags=0x10000004
SIGXFSZ: [libjvm.so+0x81a860], sa_mask[0]=0x7ffbfeff, sa_flags=0x10000004
SIGILL: [libjvm.so+0x81a860], sa_mask[0]=0x7ffbfeff, sa_flags=0x10000004
SIGUSR1: SIG_DFL, sa_mask[0]=0x00000000, sa_flags=0x00000000
SIGUSR2: [libjvm.so+0x81c060], sa_mask[0]=0x00000004, sa_flags=0x10000004
SIGHUP: SIG_DFL, sa_mask[0]=0x00000000, sa_flags=0x00000000
SIGINT: SIG_DFL, sa_mask[0]=0x00000000, sa_flags=0x00000000
SIGTERM: SIG_DFL, sa_mask[0]=0x00000000, sa_flags=0x00000000
SIGQUIT: SIG_DFL, sa_mask[0]=0x00000000, sa_flags=0x00000000


---------------  S Y S T E M  ---------------

OS:jessie/sid

uname:Linux 3.13.0-36-generic #63-Ubuntu SMP Wed Sep 3 21:30:07 UTC 2014 x86_64
libc:glibc 2.19 NPTL 2.19 
rlimit: STACK 8192k, CORE 0k, NPROC 61946, NOFILE 4096, AS infinity
load average:1.03 0.59 0.43

/proc/meminfo:
MemTotal:        7990276 kB
MemFree:          200912 kB
Buffers:         1397560 kB
Cached:          1490068 kB
SwapCached:            0 kB
Active:          2739448 kB
Inactive:        1806652 kB
Active(anon):    1662580 kB
Inactive(anon):   239800 kB
Active(file):    1076868 kB
Inactive(file):  1566852 kB
Unevictable:          64 kB
Mlocked:              64 kB
SwapTotal:             0 kB
SwapFree:              0 kB
Dirty:              2392 kB
Writeback:             0 kB
AnonPages:       1658224 kB
Mapped:          3169420 kB
Shmem:            243908 kB
Slab:             315424 kB
SReclaimable:     177536 kB
SUnreclaim:       137888 kB
KernelStack:        4992 kB
PageTables:        44576 kB
NFS_Unstable:          0 kB
Bounce:                0 kB
WritebackTmp:          0 kB
CommitLimit:     3995136 kB
Committed_AS:    7527644 kB
VmallocTotal:   34359738367 kB
VmallocUsed:      359736 kB
VmallocChunk:   34359356540 kB
HardwareCorrupted:     0 kB
AnonHugePages:    706560 kB
HugePages_Total:       0
HugePages_Free:        0
HugePages_Rsvd:        0
HugePages_Surp:        0
Hugepagesize:       2048 kB
DirectMap4k:      153876 kB
DirectMap2M:     5949440 kB
DirectMap1G:     2097152 kB


CPU:total 8 (4 cores per cpu, 2 threads per core) family 6 model 60 stepping 3, cmov, cx8, fxsr, mmx, sse, sse2, sse3, ssse3, sse4.1, sse4.2, popcnt, avx, avx2, erms, ht, tsc, tscinvbit

/proc/cpuinfo:
processor	: 0
vendor_id	: GenuineIntel
cpu family	: 6
model		: 60
model name	: Intel(R) Core(TM) i7-4700HQ CPU @ 2.40GHz
stepping	: 3
microcode	: 0x12
cpu MHz		: 800.000
cache size	: 6144 KB
physical id	: 0
siblings	: 8
core id		: 0
cpu cores	: 4
apicid		: 0
initial apicid	: 0
fpu		: yes
fpu_exception	: yes
cpuid level	: 13
wp		: yes
flags		: fpu vme de pse tsc msr pae mce cx8 apic sep mtrr pge mca cmov pat pse36 clflush dts acpi mmx fxsr sse sse2 ss ht tm pbe syscall nx pdpe1gb rdtscp lm constant_tsc arch_perfmon pebs bts rep_good nopl xtopology nonstop_tsc aperfmperf eagerfpu pni pclmulqdq dtes64 monitor ds_cpl vmx est tm2 ssse3 fma cx16 xtpr pdcm pcid sse4_1 sse4_2 x2apic movbe popcnt tsc_deadline_timer xsave avx f16c rdrand lahf_lm abm ida arat epb xsaveopt pln pts dtherm tpr_shadow vnmi flexpriority ept vpid fsgsbase tsc_adjust bmi1 avx2 smep bmi2 erms invpcid
bogomips	: 4789.22
clflush size	: 64
cache_alignment	: 64
address sizes	: 39 bits physical, 48 bits virtual
power management:

processor	: 1
vendor_id	: GenuineIntel
cpu family	: 6
model		: 60
model name	: Intel(R) Core(TM) i7-4700HQ CPU @ 2.40GHz
stepping	: 3
microcode	: 0x12
cpu MHz		: 2401.000
cache size	: 6144 KB
physical id	: 0
siblings	: 8
core id		: 1
cpu cores	: 4
apicid		: 2
initial apicid	: 2
fpu		: yes
fpu_exception	: yes
cpuid level	: 13
wp		: yes
flags		: fpu vme de pse tsc msr pae mce cx8 apic sep mtrr pge mca cmov pat pse36 clflush dts acpi mmx fxsr sse sse2 ss ht tm pbe syscall nx pdpe1gb rdtscp lm constant_tsc arch_perfmon pebs bts rep_good nopl xtopology nonstop_tsc aperfmperf eagerfpu pni pclmulqdq dtes64 monitor ds_cpl vmx est tm2 ssse3 fma cx16 xtpr pdcm pcid sse4_1 sse4_2 x2apic movbe popcnt tsc_deadline_timer xsave avx f16c rdrand lahf_lm abm ida arat epb xsaveopt pln pts dtherm tpr_shadow vnmi flexpriority ept vpid fsgsbase tsc_adjust bmi1 avx2 smep bmi2 erms invpcid
bogomips	: 4789.22
clflush size	: 64
cache_alignment	: 64
address sizes	: 39 bits physical, 48 bits virtual
power management:

processor	: 2
vendor_id	: GenuineIntel
cpu family	: 6
model		: 60
model name	: Intel(R) Core(TM) i7-4700HQ CPU @ 2.40GHz
stepping	: 3
microcode	: 0x12
cpu MHz		: 2401.000
cache size	: 6144 KB
physical id	: 0
siblings	: 8
core id		: 2
cpu cores	: 4
apicid		: 4
initial apicid	: 4
fpu		: yes
fpu_exception	: yes
cpuid level	: 13
wp		: yes
flags		: fpu vme de pse tsc msr pae mce cx8 apic sep mtrr pge mca cmov pat pse36 clflush dts acpi mmx fxsr sse sse2 ss ht tm pbe syscall nx pdpe1gb rdtscp lm constant_tsc arch_perfmon pebs bts rep_good nopl xtopology nonstop_tsc aperfmperf eagerfpu pni pclmulqdq dtes64 monitor ds_cpl vmx est tm2 ssse3 fma cx16 xtpr pdcm pcid sse4_1 sse4_2 x2apic movbe popcnt tsc_deadline_timer xsave avx f16c rdrand lahf_lm abm ida arat epb xsaveopt pln pts dtherm tpr_shadow vnmi flexpriority ept vpid fsgsbase tsc_adjust bmi1 avx2 smep bmi2 erms invpcid
bogomips	: 4789.22
clflush size	: 64
cache_alignment	: 64
address sizes	: 39 bits physical, 48 bits virtual
power management:

processor	: 3
vendor_id	: GenuineIntel
cpu family	: 6
model		: 60
model name	: Intel(R) Core(TM) i7-4700HQ CPU @ 2.40GHz
stepping	: 3
microcode	: 0x12
cpu MHz		: 800.000
cache size	: 6144 KB
physical id	: 0
siblings	: 8
core id		: 3
cpu cores	: 4
apicid		: 6
initial apicid	: 6
fpu		: yes
fpu_exception	: yes
cpuid level	: 13
wp		: yes
flags		: fpu vme de pse tsc msr pae mce cx8 apic sep mtrr pge mca cmov pat pse36 clflush dts acpi mmx fxsr sse sse2 ss ht tm pbe syscall nx pdpe1gb rdtscp lm constant_tsc arch_perfmon pebs bts rep_good nopl xtopology nonstop_tsc aperfmperf eagerfpu pni pclmulqdq dtes64 monitor ds_cpl vmx est tm2 ssse3 fma cx16 xtpr pdcm pcid sse4_1 sse4_2 x2apic movbe popcnt tsc_deadline_timer xsave avx f16c rdrand lahf_lm abm ida arat epb xsaveopt pln pts dtherm tpr_shadow vnmi flexpriority ept vpid fsgsbase tsc_adjust bmi1 avx2 smep bmi2 erms invpcid
bogomips	: 4789.22
clflush size	: 64
cache_alignment	: 64
address sizes	: 39 bits physical, 48 bits virtual
power management:

processor	: 4
vendor_id	: GenuineIntel
cpu family	: 6
model		: 60
model name	: Intel(R) Core(TM) i7-4700HQ CPU @ 2.40GHz
stepping	: 3
microcode	: 0x12
cpu MHz		: 800.000
cache size	: 6144 KB
physical id	: 0
siblings	: 8
core id		: 0
cpu cores	: 4
apicid		: 1
initial apicid	: 1
fpu		: yes
fpu_exception	: yes
cpuid level	: 13
wp		: yes
flags		: fpu vme de pse tsc msr pae mce cx8 apic sep mtrr pge mca cmov pat pse36 clflush dts acpi mmx fxsr sse sse2 ss ht tm pbe syscall nx pdpe1gb rdtscp lm constant_tsc arch_perfmon pebs bts rep_good nopl xtopology nonstop_tsc aperfmperf eagerfpu pni pclmulqdq dtes64 monitor ds_cpl vmx est tm2 ssse3 fma cx16 xtpr pdcm pcid sse4_1 sse4_2 x2apic movbe popcnt tsc_deadline_timer xsave avx f16c rdrand lahf_lm abm ida arat epb xsaveopt pln pts dtherm tpr_shadow vnmi flexpriority ept vpid fsgsbase tsc_adjust bmi1 avx2 smep bmi2 erms invpcid
bogomips	: 4789.22
clflush size	: 64
cache_alignment	: 64
address sizes	: 39 bits physical, 48 bits virtual
power management:

processor	: 5
vendor_id	: GenuineIntel
cpu family	: 6
model		: 60
model name	: Intel(R) Core(TM) i7-4700HQ CPU @ 2.40GHz
stepping	: 3
microcode	: 0x12
cpu MHz		: 800.000
cache size	: 6144 KB
physical id	: 0
siblings	: 8
core id		: 1
cpu cores	: 4
apicid		: 3
initial apicid	: 3
fpu		: yes
fpu_exception	: yes
cpuid level	: 13
wp		: yes
flags		: fpu vme de pse tsc msr pae mce cx8 apic sep mtrr pge mca cmov pat pse36 clflush dts acpi mmx fxsr sse sse2 ss ht tm pbe syscall nx pdpe1gb rdtscp lm constant_tsc arch_perfmon pebs bts rep_good nopl xtopology nonstop_tsc aperfmperf eagerfpu pni pclmulqdq dtes64 monitor ds_cpl vmx est tm2 ssse3 fma cx16 xtpr pdcm pcid sse4_1 sse4_2 x2apic movbe popcnt tsc_deadline_timer xsave avx f16c rdrand lahf_lm abm ida arat epb xsaveopt pln pts dtherm tpr_shadow vnmi flexpriority ept vpid fsgsbase tsc_adjust bmi1 avx2 smep bmi2 erms invpcid
bogomips	: 4789.22
clflush size	: 64
cache_alignment	: 64
address sizes	: 39 bits physical, 48 bits virtual
power management:

processor	: 6
vendor_id	: GenuineIntel
cpu family	: 6
model		: 60
model name	: Intel(R) Core(TM) i7-4700HQ CPU @ 2.40GHz
stepping	: 3
microcode	: 0x12
cpu MHz		: 2401.000
cache size	: 6144 KB
physical id	: 0
siblings	: 8
core id		: 2
cpu cores	: 4
apicid		: 5
initial apicid	: 5
fpu		: yes
fpu_exception	: yes
cpuid level	: 13
wp		: yes
flags		: fpu vme de pse tsc msr pae mce cx8 apic sep mtrr pge mca cmov pat pse36 clflush dts acpi mmx fxsr sse sse2 ss ht tm pbe syscall nx pdpe1gb rdtscp lm constant_tsc arch_perfmon pebs bts rep_good nopl xtopology nonstop_tsc aperfmperf eagerfpu pni pclmulqdq dtes64 monitor ds_cpl vmx est tm2 ssse3 fma cx16 xtpr pdcm pcid sse4_1 sse4_2 x2apic movbe popcnt tsc_deadline_timer xsave avx f16c rdrand lahf_lm abm ida arat epb xsaveopt pln pts dtherm tpr_shadow vnmi flexpriority ept vpid fsgsbase tsc_adjust bmi1 avx2 smep bmi2 erms invpcid
bogomips	: 4789.22
clflush size	: 64
cache_alignment	: 64
address sizes	: 39 bits physical, 48 bits virtual
power management:

processor	: 7
vendor_id	: GenuineIntel
cpu family	: 6
model		: 60
model name	: Intel(R) Core(TM) i7-4700HQ CPU @ 2.40GHz
stepping	: 3
microcode	: 0x12
cpu MHz		: 800.000
cache size	: 6144 KB
physical id	: 0
siblings	: 8
core id		: 3
cpu cores	: 4
apicid		: 7
initial apicid	: 7
fpu		: yes
fpu_exception	: yes
cpuid level	: 13
wp		: yes
flags		: fpu vme de pse tsc msr pae mce cx8 apic sep mtrr pge mca cmov pat pse36 clflush dts acpi mmx fxsr sse sse2 ss ht tm pbe syscall nx pdpe1gb rdtscp lm constant_tsc arch_perfmon pebs bts rep_good nopl xtopology nonstop_tsc aperfmperf eagerfpu pni pclmulqdq dtes64 monitor ds_cpl vmx est tm2 ssse3 fma cx16 xtpr pdcm pcid sse4_1 sse4_2 x2apic movbe popcnt tsc_deadline_timer xsave avx f16c rdrand lahf_lm abm ida arat epb xsaveopt pln pts dtherm tpr_shadow vnmi flexpriority ept vpid fsgsbase tsc_adjust bmi1 avx2 smep bmi2 erms invpcid
bogomips	: 4789.22
clflush size	: 64
cache_alignment	: 64
address sizes	: 39 bits physical, 48 bits virtual
power management:



Memory: 4k page, physical 7990276k(200912k free), swap 0k(0k free)

vm_info: Java HotSpot(TM) 64-Bit Server VM (24.65-b04) for linux-amd64 JRE (1.7.0_67-b01), built on Jul 25 2014 09:20:21 by "java_re" with gcc 4.3.0 20080428 (Red Hat 4.3.0-8)

time: Sun Oct  5 20:20:07 2014
elapsed time: 0 seconds

