#
# A fatal error has been detected by the Java Runtime Environment:
#
#  Internal Error (javaClasses.cpp:126), pid=9720, tid=4280
#  fatal error: Invalid layout of preloaded class
#
# JRE version:  (8.0_20-b26) (build )
# Java VM: Java HotSpot(TM) 64-Bit Server VM (25.20-b23 mixed mode windows-amd64 compressed oops)
# Failed to write core dump. Minidumps are not enabled by default on client versions of Windows
#
# If you would like to submit a bug report, please visit:
#   http://bugreport.sun.com/bugreport/crash.jsp
#

---------------  T H R E A D  ---------------

Current thread (0x0000000002b50800):  JavaThread "Unknown thread" [_thread_in_vm, id=4280, stack(0x0000000002960000,0x0000000002a60000)]

Stack: [0x0000000002960000,0x0000000002a60000]
Native frames: (J=compiled Java code, j=interpreted, Vv=VM code, C=native code)
V  [jvm.dll+0x3152fa]
V  [jvm.dll+0x265d03]
V  [jvm.dll+0x266943]
V  [jvm.dll+0x25e1e6]
V  [jvm.dll+0x5e64c]
V  [jvm.dll+0x5e743]
V  [jvm.dll+0x7316a]
V  [jvm.dll+0x734c8]
V  [jvm.dll+0xe3937]
V  [jvm.dll+0xe3cc6]
V  [jvm.dll+0x1f89d7]
V  [jvm.dll+0x229fc4]
V  [jvm.dll+0x14c6f1]
C  [javaw.exe+0x20c6]
C  [javaw.exe+0xc9eb]
C  [javaw.exe+0xca7f]
C  [KERNEL32.DLL+0x16ad]
C  [ntdll.dll+0x54409]


---------------  P R O C E S S  ---------------

Java Threads: ( => current thread )

Other Threads:

=>0x0000000002b50800 (exited) JavaThread "Unknown thread" [_thread_in_vm, id=4280, stack(0x0000000002960000,0x0000000002a60000)]

VM state:not at safepoint (not fully initialized)

VM Mutex/Monitor currently owned by a thread: None

GC Heap History (0 events):
No events

Deoptimization events (0 events):
No events

Internal exceptions (0 events):
No events

Events (10 events):
Event: 0.013 loading class java/lang/CharSequence done
Event: 0.013 loading class java/lang/String done
Event: 0.013 loading class java/lang/Class
Event: 0.013 loading class java/lang/reflect/AnnotatedElement
Event: 0.013 loading class java/lang/reflect/AnnotatedElement done
Event: 0.013 loading class java/lang/reflect/GenericDeclaration
Event: 0.013 loading class java/lang/reflect/GenericDeclaration done
Event: 0.013 loading class java/lang/reflect/Type
Event: 0.013 loading class java/lang/reflect/Type done
Event: 0.013 loading class java/lang/Class done


Dynamic libraries:
0x00007ff615d80000 - 0x00007ff615db4000 	C:\Program Files\Java\jre1.8.0_20\bin\javaw.exe
0x00007ffe131d0000 - 0x00007ffe13376000 	C:\windows\SYSTEM32\ntdll.dll
0x00007ffe10d80000 - 0x00007ffe10eba000 	C:\windows\system32\KERNEL32.DLL
0x00007ffe10950000 - 0x00007ffe10a5f000 	C:\windows\system32\KERNELBASE.dll
0x00007ffe0f0c0000 - 0x00007ffe0f148000 	C:\windows\system32\apphelp.dll
0x00007ffe01660000 - 0x00007ffe016af000 	C:\windows\AppPatch\AppPatch64\AcGenral.DLL
0x00007ffe10a70000 - 0x00007ffe10b17000 	C:\windows\system32\msvcrt.dll
0x00007ffe10400000 - 0x00007ffe1042b000 	C:\windows\SYSTEM32\SspiCli.dll
0x00007ffe11620000 - 0x00007ffe11671000 	C:\windows\system32\SHLWAPI.dll
0x00007ffe10f20000 - 0x00007ffe11091000 	C:\windows\system32\USER32.dll
0x00007ffe10c00000 - 0x00007ffe10d78000 	C:\windows\system32\ole32.dll
0x00007ffe11680000 - 0x00007ffe12a8f000 	C:\windows\system32\SHELL32.dll
0x00007ffe0fbe0000 - 0x00007ffe0fbfe000 	C:\windows\SYSTEM32\USERENV.dll
0x00007ffe114a0000 - 0x00007ffe11545000 	C:\windows\system32\ADVAPI32.dll
0x00007ffe0c110000 - 0x00007ffe0c12b000 	C:\windows\SYSTEM32\MPR.dll
0x00007ffe12b50000 - 0x00007ffe12c87000 	C:\windows\system32\RPCRT4.dll
0x00007ffe10b80000 - 0x00007ffe10bd7000 	C:\windows\SYSTEM32\sechost.dll
0x00007ffe110a0000 - 0x00007ffe11276000 	C:\windows\SYSTEM32\combase.dll
0x00007ffe12c90000 - 0x00007ffe12dd4000 	C:\windows\system32\GDI32.dll
0x00007ffe10550000 - 0x00007ffe10564000 	C:\windows\SYSTEM32\profapi.dll
0x00007ffe0f150000 - 0x00007ffe0f1ef000 	C:\windows\SYSTEM32\SHCORE.dll
0x00007ffe11280000 - 0x00007ffe112b4000 	C:\windows\system32\IMM32.DLL
0x00007ffe12de0000 - 0x00007ffe12f19000 	C:\windows\system32\MSCTF.dll
0x00007ffe0e320000 - 0x00007ffe0e57a000 	C:\windows\WinSxS\amd64_microsoft.windows.common-controls_6595b64144ccf1df_6.0.9600.17031_none_6242a4b3ecbb55a1\COMCTL32.dll
0x0000000066eb0000 - 0x0000000066f82000 	C:\Program Files\Java\jre1.8.0_20\bin\msvcr100.dll
0x0000000069040000 - 0x0000000069898000 	C:\Program Files\Java\jre1.8.0_20\bin\server\jvm.dll
0x00007ffe05e70000 - 0x00007ffe05e79000 	C:\windows\SYSTEM32\WSOCK32.dll
0x00007ffe0ce30000 - 0x00007ffe0ce4f000 	C:\windows\SYSTEM32\WINMM.dll
0x00007ffe12f80000 - 0x00007ffe12f87000 	C:\windows\system32\PSAPI.DLL
0x00007ffe10b20000 - 0x00007ffe10b78000 	C:\windows\system32\WS2_32.dll
0x00007ffe0def0000 - 0x00007ffe0df1a000 	C:\windows\SYSTEM32\WINMMBASE.dll
0x00007ffe11560000 - 0x00007ffe11569000 	C:\windows\system32\NSI.dll
0x00007ffe10900000 - 0x00007ffe1094a000 	C:\windows\SYSTEM32\cfgmgr32.dll
0x00007ffe0f3d0000 - 0x00007ffe0f3f6000 	C:\windows\SYSTEM32\DEVOBJ.dll
0x0000000069f30000 - 0x0000000069f3f000 	C:\Program Files\Java\jre1.8.0_20\bin\verify.dll
0x0000000069f00000 - 0x0000000069f28000 	C:\Program Files\Java\jre1.8.0_20\bin\java.dll
0x0000000069ee0000 - 0x0000000069ef6000 	C:\Program Files\Java\jre1.8.0_20\bin\zip.dll
0x00007ffded810000 - 0x00007ffded998000 	C:\windows\SYSTEM32\dbghelp.dll

VM Arguments:
jvm_args: -Djava.library.path=D:\eclipse\jogamp-all-platforms\lib\windows-amd64;D:\eclipse\jogamp-all-platforms\lib\windows-amd64;D:\eclipse\jogamp-all-platforms\lib\windows-amd64;D:\eclipse\jogamp-all-platforms\lib\windows-amd64 -Dfile.encoding=GBK -Xbootclasspath/p:C:\Users\Shengdong\AppData\Local\Android\android-sdk\platforms\android-19\android.jar 
java_command: com.IYYX.cardboard.Helpers.FilenameManager
java_class_path (initial): C:\Users\Shengdong\git\cardboard\bin\classes;C:\Users\Shengdong\git\cardboard\libs\android-support-v4.jar;C:\Users\Shengdong\git\cardboard\libs\cardboard.jar;C:\Users\Shengdong\git\cardboard\libs\modelloader.jar;D:\eclipse\jogamp-all-platforms\jar\gluegen-rt.jar;D:\eclipse\jogamp-all-platforms\jar\gluegen-rt-natives-windows-amd64.jar;D:\eclipse\jogamp-all-platforms\jar\jogl-all.jar;D:\eclipse\jogamp-all-platforms\jar\jogl-all-natives-windows-amd64.jar
Launcher Type: SUN_STANDARD

Environment Variables:
PATH=C:/Program Files/Java/jre1.8.0_20/bin/server;C:/Program Files/Java/jre1.8.0_20/bin;C:/Program Files/Java/jre1.8.0_20/lib/amd64;C:\ProgramData\Oracle\Java\javapath;C:\Program Files (x86)\NVIDIA Corporation\PhysX\Common;C:\Program Files (x86)\Intel\iCLS Client\;C:\Program Files\Intel\iCLS Client\;C:\windows\system32;C:\windows;C:\windows\System32\Wbem;C:\windows\System32\WindowsPowerShell\v1.0\;C:\Program Files\Intel\Intel(R) Management Engine Components\DAL;C:\Program Files\Intel\Intel(R) Management Engine Components\IPT;C:\Program Files (x86)\Intel\Intel(R) Management Engine Components\DAL;C:\Program Files (x86)\Intel\Intel(R) Management Engine Components\IPT;C:\Program Files\Intel\WiFi\bin\;C:\Program Files\Common Files\Intel\WirelessCommon\;D:\eclipse;
USERNAME=Shengdong
OS=Windows_NT
PROCESSOR_IDENTIFIER=Intel64 Family 6 Model 60 Stepping 3, GenuineIntel



---------------  S Y S T E M  ---------------

OS: Windows 8.1 , 64 bit Build 9600 

CPU:total 8 (4 cores per cpu, 2 threads per core) family 6 model 60 stepping 3, cmov, cx8, fxsr, mmx, sse, sse2, sse3, ssse3, sse4.1, sse4.2, popcnt, avx, avx2, aes, clmul, erms, lzcnt, ht, tsc, tscinvbit, bmi1, bmi2

Memory: 4k page, physical 16687384k(12368320k free), swap 19177752k(13519508k free)

vm_info: Java HotSpot(TM) 64-Bit Server VM (25.20-b23) for windows-amd64 JRE (1.8.0_20-b26), built on Jul 30 2014 13:51:23 by "java_re" with MS VC++ 10.0 (VS2010)

time: Tue Nov 11 19:13:53 2014
elapsed time: 0 seconds (0d 0h 0m 0s)

