#
# A fatal error has been detected by the Java Runtime Environment:
#
#  Internal Error (javaClasses.cpp:136), pid=11699, tid=139839104956160
#  fatal error: Invalid layout of preloaded class
#
# JRE version:  (7.0_72-b14) (build )
# Java VM: Java HotSpot(TM) 64-Bit Server VM (24.72-b04 mixed mode linux-amd64 compressed oops)
# Failed to write core dump. Core dumps have been disabled. To enable core dumping, try "ulimit -c unlimited" before starting Java again
#
# If you would like to submit a bug report, please visit:
#   http://bugreport.sun.com/bugreport/crash.jsp
#

---------------  T H R E A D  ---------------

Current thread (0x00007f2ecc00a000):  JavaThread "Unknown thread" [_thread_in_vm, id=11705, stack(0x00007f2ed41d3000,0x00007f2ed42d4000)]

Stack: [0x00007f2ed41d3000,0x00007f2ed42d4000],  sp=0x00007f2ed42d27b0,  free space=1021k
Native frames: (J=compiled Java code, j=interpreted, Vv=VM code, C=native code)
V  [libjvm.so+0x9a10fa]  VMError::report_and_die()+0x2ea
V  [libjvm.so+0x497919]  report_fatal(char const*, int, char const*)+0x59
V  [libjvm.so+0x6066c5]  compute_offset(int&, klassOopDesc*, Symbol*, Symbol*, bool)+0x135
V  [libjvm.so+0x607769]  java_lang_String::compute_offsets()+0x49
V  [libjvm.so+0x927185]  SystemDictionary::initialize_preloaded_classes(Thread*)+0x235
V  [libjvm.so+0x974af4]  Universe::genesis(Thread*)+0x494
V  [libjvm.so+0x974fa9]  universe2_init()+0x29
V  [libjvm.so+0x5b0fdd]  init_globals()+0xbd
V  [libjvm.so+0x95bbdd]  Threads::create_vm(JavaVMInitArgs*, bool*)+0x1ed
V  [libjvm.so+0x639234]  JNI_CreateJavaVM+0x74
C  [libjli.so+0x2f8e]  JavaMain+0x9e


---------------  P R O C E S S  ---------------

Java Threads: ( => current thread )

Other Threads:

=>0x00007f2ecc00a000 (exited) JavaThread "Unknown thread" [_thread_in_vm, id=11705, stack(0x00007f2ed41d3000,0x00007f2ed42d4000)]

VM state:not at safepoint (not fully initialized)

VM Mutex/Monitor currently owned by a thread: None

GC Heap History (0 events):
No events

Deoptimization events (0 events):
No events

Internal exceptions (0 events):
No events

Events (10 events):
Event: 0.006 loading class 0x00007f2ed01656f0 done
Event: 0.006 loading class 0x00007f2ed0165110 done
Event: 0.006 loading class 0x00007f2ed01650f0
Event: 0.007 loading class 0x00007f2ed016d240
Event: 0.007 loading class 0x00007f2ed016d240 done
Event: 0.007 loading class 0x00007f2ed016d270
Event: 0.007 loading class 0x00007f2ed016d270 done
Event: 0.007 loading class 0x00007f2ed016d2a0
Event: 0.007 loading class 0x00007f2ed016d2a0 done
Event: 0.007 loading class 0x00007f2ed01650f0 done


Dynamic libraries:
00400000-00401000 r-xp 00000000 08:13 931739                             /usr/lib/jvm/java-7-oracle/bin/java
00600000-00601000 rw-p 00000000 08:13 931739                             /usr/lib/jvm/java-7-oracle/bin/java
00aa2000-00ac3000 rw-p 00000000 00:00 0                                  [heap]
80e00000-82300000 rw-p 00000000 00:00 0 
82300000-86000000 rw-p 00000000 00:00 0 
86000000-8b100000 rw-p 00000000 00:00 0 
8b100000-d7500000 rw-p 00000000 00:00 0 
d7500000-d9e00000 rw-p 00000000 00:00 0 
d9e00000-100000000 rw-p 00000000 00:00 0 
7f2ea4070000-7f2ea8000000 rw-p 00000000 00:00 0 
7f2ea8000000-7f2ea8021000 rw-p 00000000 00:00 0 
7f2ea8021000-7f2eac000000 ---p 00000000 00:00 0 
7f2eac000000-7f2eac021000 rw-p 00000000 00:00 0 
7f2eac021000-7f2eb0000000 ---p 00000000 00:00 0 
7f2eb0000000-7f2eb0021000 rw-p 00000000 00:00 0 
7f2eb0021000-7f2eb4000000 ---p 00000000 00:00 0 
7f2eb4000000-7f2eb4021000 rw-p 00000000 00:00 0 
7f2eb4021000-7f2eb8000000 ---p 00000000 00:00 0 
7f2eb8000000-7f2eb8021000 rw-p 00000000 00:00 0 
7f2eb8021000-7f2ebc000000 ---p 00000000 00:00 0 
7f2ebc000000-7f2ebc021000 rw-p 00000000 00:00 0 
7f2ebc021000-7f2ec0000000 ---p 00000000 00:00 0 
7f2ec0000000-7f2ec0021000 rw-p 00000000 00:00 0 
7f2ec0021000-7f2ec4000000 ---p 00000000 00:00 0 
7f2ec4000000-7f2ec4021000 rw-p 00000000 00:00 0 
7f2ec4021000-7f2ec8000000 ---p 00000000 00:00 0 
7f2ec8d92000-7f2ec9000000 rw-p 00000000 00:00 0 
7f2ec9000000-7f2ec9270000 rwxp 00000000 00:00 0 
7f2ec9270000-7f2ecc05e000 rw-p 00000000 00:00 0 
7f2ecc05e000-7f2ed0000000 ---p 00000000 00:00 0 
7f2ed0018000-7f2ed00ef000 r--s 013fe000 08:13 656673                     /home/c4phone/Binaries/Android-SDK/platforms/android-19/android.jar
7f2ed00ef000-7f2ed0609000 rw-p 00000000 00:00 0 
7f2ed0609000-7f2ed060a000 ---p 00000000 00:00 0 
7f2ed060a000-7f2ed070a000 rw-p 00000000 00:00 0                          [stack:11713]
7f2ed070a000-7f2ed070b000 ---p 00000000 00:00 0 
7f2ed070b000-7f2ed080b000 rw-p 00000000 00:00 0                          [stack:11712]
7f2ed080b000-7f2ed080c000 ---p 00000000 00:00 0 
7f2ed080c000-7f2ed090c000 rw-p 00000000 00:00 0                          [stack:11711]
7f2ed090c000-7f2ed090d000 ---p 00000000 00:00 0 
7f2ed090d000-7f2ed0a0d000 rw-p 00000000 00:00 0                          [stack:11710]
7f2ed0a0d000-7f2ed0a0e000 ---p 00000000 00:00 0 
7f2ed0a0e000-7f2ed0b0e000 rw-p 00000000 00:00 0                          [stack:11709]
7f2ed0b0e000-7f2ed0b0f000 ---p 00000000 00:00 0 
7f2ed0b0f000-7f2ed0c0f000 rw-p 00000000 00:00 0                          [stack:11708]
7f2ed0c0f000-7f2ed0c10000 ---p 00000000 00:00 0 
7f2ed0c10000-7f2ed0d10000 rw-p 00000000 00:00 0                          [stack:11707]
7f2ed0d10000-7f2ed0d11000 ---p 00000000 00:00 0 
7f2ed0d11000-7f2ed0e1c000 rw-p 00000000 00:00 0                          [stack:11706]
7f2ed0e1c000-7f2ed0e3a000 rw-p 00000000 00:00 0 
7f2ed0e3a000-7f2ed0e63000 rw-p 00000000 00:00 0 
7f2ed0e63000-7f2ed10c5000 rw-p 00000000 00:00 0 
7f2ed10c5000-7f2ed10d0000 rw-p 00000000 00:00 0 
7f2ed10d0000-7f2ed10ee000 rw-p 00000000 00:00 0 
7f2ed10ee000-7f2ed1117000 rw-p 00000000 00:00 0 
7f2ed1117000-7f2ed1378000 rw-p 00000000 00:00 0 
7f2ed1378000-7f2ed138d000 rw-p 00000000 00:00 0 
7f2ed138d000-7f2ed14be000 rw-p 00000000 00:00 0 
7f2ed14be000-7f2ed14bf000 rw-p 00000000 00:00 0 
7f2ed14bf000-7f2ed14d9000 r-xp 00000000 08:13 931834                     /usr/lib/jvm/java-7-oracle/jre/lib/amd64/libzip.so
7f2ed14d9000-7f2ed16d9000 ---p 0001a000 08:13 931834                     /usr/lib/jvm/java-7-oracle/jre/lib/amd64/libzip.so
7f2ed16d9000-7f2ed16da000 rw-p 0001a000 08:13 931834                     /usr/lib/jvm/java-7-oracle/jre/lib/amd64/libzip.so
7f2ed16da000-7f2ed16e5000 r-xp 00000000 08:13 2621542                    /lib/x86_64-linux-gnu/libnss_files-2.19.so
7f2ed16e5000-7f2ed18e4000 ---p 0000b000 08:13 2621542                    /lib/x86_64-linux-gnu/libnss_files-2.19.so
7f2ed18e4000-7f2ed18e5000 r--p 0000a000 08:13 2621542                    /lib/x86_64-linux-gnu/libnss_files-2.19.so
7f2ed18e5000-7f2ed18e6000 rw-p 0000b000 08:13 2621542                    /lib/x86_64-linux-gnu/libnss_files-2.19.so
7f2ed18e6000-7f2ed18f1000 r-xp 00000000 08:13 2621543                    /lib/x86_64-linux-gnu/libnss_nis-2.19.so
7f2ed18f1000-7f2ed1af0000 ---p 0000b000 08:13 2621543                    /lib/x86_64-linux-gnu/libnss_nis-2.19.so
7f2ed1af0000-7f2ed1af1000 r--p 0000a000 08:13 2621543                    /lib/x86_64-linux-gnu/libnss_nis-2.19.so
7f2ed1af1000-7f2ed1af2000 rw-p 0000b000 08:13 2621543                    /lib/x86_64-linux-gnu/libnss_nis-2.19.so
7f2ed1af2000-7f2ed1b09000 r-xp 00000000 08:13 2621529                    /lib/x86_64-linux-gnu/libnsl-2.19.so
7f2ed1b09000-7f2ed1d08000 ---p 00017000 08:13 2621529                    /lib/x86_64-linux-gnu/libnsl-2.19.so
7f2ed1d08000-7f2ed1d09000 r--p 00016000 08:13 2621529                    /lib/x86_64-linux-gnu/libnsl-2.19.so
7f2ed1d09000-7f2ed1d0a000 rw-p 00017000 08:13 2621529                    /lib/x86_64-linux-gnu/libnsl-2.19.so
7f2ed1d0a000-7f2ed1d0c000 rw-p 00000000 00:00 0 
7f2ed1d0c000-7f2ed1d15000 r-xp 00000000 08:13 2621466                    /lib/x86_64-linux-gnu/libnss_compat-2.19.so
7f2ed1d15000-7f2ed1f14000 ---p 00009000 08:13 2621466                    /lib/x86_64-linux-gnu/libnss_compat-2.19.so
7f2ed1f14000-7f2ed1f15000 r--p 00008000 08:13 2621466                    /lib/x86_64-linux-gnu/libnss_compat-2.19.so
7f2ed1f15000-7f2ed1f16000 rw-p 00009000 08:13 2621466                    /lib/x86_64-linux-gnu/libnss_compat-2.19.so
7f2ed1f16000-7f2ed1f3f000 r-xp 00000000 08:13 931807                     /usr/lib/jvm/java-7-oracle/jre/lib/amd64/libjava.so
7f2ed1f3f000-7f2ed213f000 ---p 00029000 08:13 931807                     /usr/lib/jvm/java-7-oracle/jre/lib/amd64/libjava.so
7f2ed213f000-7f2ed2141000 rw-p 00029000 08:13 931807                     /usr/lib/jvm/java-7-oracle/jre/lib/amd64/libjava.so
7f2ed2141000-7f2ed214e000 r-xp 00000000 08:13 931801                     /usr/lib/jvm/java-7-oracle/jre/lib/amd64/libverify.so
7f2ed214e000-7f2ed234d000 ---p 0000d000 08:13 931801                     /usr/lib/jvm/java-7-oracle/jre/lib/amd64/libverify.so
7f2ed234d000-7f2ed234f000 rw-p 0000c000 08:13 931801                     /usr/lib/jvm/java-7-oracle/jre/lib/amd64/libverify.so
7f2ed234f000-7f2ed2356000 r-xp 00000000 08:13 2621531                    /lib/x86_64-linux-gnu/librt-2.19.so
7f2ed2356000-7f2ed2555000 ---p 00007000 08:13 2621531                    /lib/x86_64-linux-gnu/librt-2.19.so
7f2ed2555000-7f2ed2556000 r--p 00006000 08:13 2621531                    /lib/x86_64-linux-gnu/librt-2.19.so
7f2ed2556000-7f2ed2557000 rw-p 00007000 08:13 2621531                    /lib/x86_64-linux-gnu/librt-2.19.so
7f2ed2557000-7f2ed265c000 r-xp 00000000 08:13 2621538                    /lib/x86_64-linux-gnu/libm-2.19.so
7f2ed265c000-7f2ed285b000 ---p 00105000 08:13 2621538                    /lib/x86_64-linux-gnu/libm-2.19.so
7f2ed285b000-7f2ed285c000 r--p 00104000 08:13 2621538                    /lib/x86_64-linux-gnu/libm-2.19.so
7f2ed285c000-7f2ed285d000 rw-p 00105000 08:13 2621538                    /lib/x86_64-linux-gnu/libm-2.19.so
7f2ed285d000-7f2ed33d0000 r-xp 00000000 08:13 931831                     /usr/lib/jvm/java-7-oracle/jre/lib/amd64/server/libjvm.so
7f2ed33d0000-7f2ed35cf000 ---p 00b73000 08:13 931831                     /usr/lib/jvm/java-7-oracle/jre/lib/amd64/server/libjvm.so
7f2ed35cf000-7f2ed3693000 rw-p 00b72000 08:13 931831                     /usr/lib/jvm/java-7-oracle/jre/lib/amd64/server/libjvm.so
7f2ed3693000-7f2ed36d4000 rw-p 00000000 00:00 0 
7f2ed36d4000-7f2ed388f000 r-xp 00000000 08:13 2621535                    /lib/x86_64-linux-gnu/libc-2.19.so
7f2ed388f000-7f2ed3a8f000 ---p 001bb000 08:13 2621535                    /lib/x86_64-linux-gnu/libc-2.19.so
7f2ed3a8f000-7f2ed3a93000 r--p 001bb000 08:13 2621535                    /lib/x86_64-linux-gnu/libc-2.19.so
7f2ed3a93000-7f2ed3a95000 rw-p 001bf000 08:13 2621535                    /lib/x86_64-linux-gnu/libc-2.19.so
7f2ed3a95000-7f2ed3a9a000 rw-p 00000000 00:00 0 
7f2ed3a9a000-7f2ed3a9d000 r-xp 00000000 08:13 2625556                    /lib/x86_64-linux-gnu/libdl-2.19.so
7f2ed3a9d000-7f2ed3c9c000 ---p 00003000 08:13 2625556                    /lib/x86_64-linux-gnu/libdl-2.19.so
7f2ed3c9c000-7f2ed3c9d000 r--p 00002000 08:13 2625556                    /lib/x86_64-linux-gnu/libdl-2.19.so
7f2ed3c9d000-7f2ed3c9e000 rw-p 00003000 08:13 2625556                    /lib/x86_64-linux-gnu/libdl-2.19.so
7f2ed3c9e000-7f2ed3cb4000 r-xp 00000000 08:13 933238                     /usr/lib/jvm/java-7-oracle/lib/amd64/jli/libjli.so
7f2ed3cb4000-7f2ed3eb4000 ---p 00016000 08:13 933238                     /usr/lib/jvm/java-7-oracle/lib/amd64/jli/libjli.so
7f2ed3eb4000-7f2ed3eb5000 rw-p 00016000 08:13 933238                     /usr/lib/jvm/java-7-oracle/lib/amd64/jli/libjli.so
7f2ed3eb5000-7f2ed3ece000 r-xp 00000000 08:13 2628512                    /lib/x86_64-linux-gnu/libpthread-2.19.so
7f2ed3ece000-7f2ed40cd000 ---p 00019000 08:13 2628512                    /lib/x86_64-linux-gnu/libpthread-2.19.so
7f2ed40cd000-7f2ed40ce000 r--p 00018000 08:13 2628512                    /lib/x86_64-linux-gnu/libpthread-2.19.so
7f2ed40ce000-7f2ed40cf000 rw-p 00019000 08:13 2628512                    /lib/x86_64-linux-gnu/libpthread-2.19.so
7f2ed40cf000-7f2ed40d3000 rw-p 00000000 00:00 0 
7f2ed40d3000-7f2ed40f6000 r-xp 00000000 08:13 2621536                    /lib/x86_64-linux-gnu/ld-2.19.so
7f2ed4113000-7f2ed411d000 rw-p 00000000 00:00 0 
7f2ed411d000-7f2ed41d3000 rw-p 00000000 00:00 0 
7f2ed41d3000-7f2ed41d6000 ---p 00000000 00:00 0 
7f2ed41d6000-7f2ed42d8000 rw-p 00000000 00:00 0                          [stack:11705]
7f2ed42e7000-7f2ed42e9000 rw-p 00000000 00:00 0 
7f2ed42e9000-7f2ed42f1000 rw-s 00000000 08:13 3021773                    /tmp/hsperfdata_c4phone/11699
7f2ed42f1000-7f2ed42f2000 rw-p 00000000 00:00 0 
7f2ed42f2000-7f2ed42f3000 r--p 00000000 00:00 0 
7f2ed42f3000-7f2ed42f5000 rw-p 00000000 00:00 0 
7f2ed42f5000-7f2ed42f6000 r--p 00022000 08:13 2621536                    /lib/x86_64-linux-gnu/ld-2.19.so
7f2ed42f6000-7f2ed42f7000 rw-p 00023000 08:13 2621536                    /lib/x86_64-linux-gnu/ld-2.19.so
7f2ed42f7000-7f2ed42f8000 rw-p 00000000 00:00 0 
7fff90796000-7fff907b7000 rw-p 00000000 00:00 0                          [stack]
7fff907fe000-7fff90800000 r-xp 00000000 00:00 0                          [vdso]
ffffffffff600000-ffffffffff601000 r-xp 00000000 00:00 0                  [vsyscall]

VM Arguments:
jvm_args: -Djava.library.path=/home/c4phone/Binaries/JOGL/lib:/home/c4phone/Binaries/JOGL/lib:/home/c4phone/Binaries/JOGL/lib:/home/c4phone/Binaries/JOGL/lib -Dfile.encoding=UTF-8 -Xbootclasspath/p:/home/c4phone/Binaries/Android-SDK/platforms/android-19/android.jar 
java_command: PureTcpIp.DarronNetServer1
Launcher Type: SUN_STANDARD

Environment Variables:
PATH=/usr/local/sbin:/usr/local/bin:/usr/sbin:/usr/bin:/sbin:/bin:/usr/games:/usr/local/games:/home/c4phone/Binaries
USERNAME=c4phone
SHELL=/bin/bash
DISPLAY=:0

Signal Handlers:
SIGSEGV: [libjvm.so+0x9a1a10], sa_mask[0]=0x7ffbfeff, sa_flags=0x10000004
SIGBUS: [libjvm.so+0x9a1a10], sa_mask[0]=0x7ffbfeff, sa_flags=0x10000004
SIGFPE: [libjvm.so+0x81bae0], sa_mask[0]=0x7ffbfeff, sa_flags=0x10000004
SIGPIPE: [libjvm.so+0x81bae0], sa_mask[0]=0x7ffbfeff, sa_flags=0x10000004
SIGXFSZ: [libjvm.so+0x81bae0], sa_mask[0]=0x7ffbfeff, sa_flags=0x10000004
SIGILL: [libjvm.so+0x81bae0], sa_mask[0]=0x7ffbfeff, sa_flags=0x10000004
SIGUSR1: SIG_DFL, sa_mask[0]=0x00000000, sa_flags=0x00000000
SIGUSR2: [libjvm.so+0x81d2e0], sa_mask[0]=0x00000004, sa_flags=0x10000004
SIGHUP: SIG_DFL, sa_mask[0]=0x00000000, sa_flags=0x00000000
SIGINT: SIG_DFL, sa_mask[0]=0x00000000, sa_flags=0x00000000
SIGTERM: SIG_DFL, sa_mask[0]=0x00000000, sa_flags=0x00000000
SIGQUIT: SIG_DFL, sa_mask[0]=0x00000000, sa_flags=0x00000000


---------------  S Y S T E M  ---------------

OS:jessie/sid

uname:Linux 3.13.0-39-generic #66-Ubuntu SMP Tue Oct 28 13:30:27 UTC 2014 x86_64
libc:glibc 2.19 NPTL 2.19 
rlimit: STACK 8192k, CORE 0k, NPROC 60682, NOFILE 4096, AS infinity
load average:0.44 0.47 0.57

/proc/meminfo:
MemTotal:        7990260 kB
MemFree:         2163160 kB
Buffers:         1311148 kB
Cached:          2467392 kB
SwapCached:            0 kB
Active:          2645916 kB
Inactive:        2793916 kB
Active(anon):    1662556 kB
Inactive(anon):   340408 kB
Active(file):     983360 kB
Inactive(file):  2453508 kB
Unevictable:           0 kB
Mlocked:               0 kB
SwapTotal:             0 kB
SwapFree:              0 kB
Dirty:               648 kB
Writeback:             0 kB
AnonPages:       1661416 kB
Mapped:           274392 kB
Shmem:            341676 kB
Slab:             271648 kB
SReclaimable:     182736 kB
SUnreclaim:        88912 kB
KernelStack:        4576 kB
PageTables:        29472 kB
NFS_Unstable:          0 kB
Bounce:                0 kB
WritebackTmp:          0 kB
CommitLimit:     3995128 kB
Committed_AS:    5102756 kB
VmallocTotal:   34359738367 kB
VmallocUsed:      355328 kB
VmallocChunk:   34359359612 kB
HardwareCorrupted:     0 kB
AnonHugePages:    835584 kB
HugePages_Total:       0
HugePages_Free:        0
HugePages_Rsvd:        0
HugePages_Surp:        0
Hugepagesize:       2048 kB
DirectMap4k:      100628 kB
DirectMap2M:     7051264 kB
DirectMap1G:     1048576 kB


CPU:total 8 (4 cores per cpu, 2 threads per core) family 6 model 60 stepping 3, cmov, cx8, fxsr, mmx, sse, sse2, sse3, ssse3, sse4.1, sse4.2, popcnt, avx, avx2, erms, ht, tsc, tscinvbit

/proc/cpuinfo:
processor	: 0
vendor_id	: GenuineIntel
cpu family	: 6
model		: 60
model name	: Intel(R) Core(TM) i7-4700HQ CPU @ 2.40GHz
stepping	: 3
microcode	: 0x12
cpu MHz		: 800.000
cache size	: 6144 KB
physical id	: 0
siblings	: 8
core id		: 0
cpu cores	: 4
apicid		: 0
initial apicid	: 0
fpu		: yes
fpu_exception	: yes
cpuid level	: 13
wp		: yes
flags		: fpu vme de pse tsc msr pae mce cx8 apic sep mtrr pge mca cmov pat pse36 clflush dts acpi mmx fxsr sse sse2 ss ht tm pbe syscall nx pdpe1gb rdtscp lm constant_tsc arch_perfmon pebs bts rep_good nopl xtopology nonstop_tsc aperfmperf eagerfpu pni pclmulqdq dtes64 monitor ds_cpl vmx est tm2 ssse3 fma cx16 xtpr pdcm pcid sse4_1 sse4_2 x2apic movbe popcnt tsc_deadline_timer xsave avx f16c rdrand lahf_lm abm ida arat epb xsaveopt pln pts dtherm tpr_shadow vnmi flexpriority ept vpid fsgsbase tsc_adjust bmi1 avx2 smep bmi2 erms invpcid
bogomips	: 4789.20
clflush size	: 64
cache_alignment	: 64
address sizes	: 39 bits physical, 48 bits virtual
power management:

processor	: 1
vendor_id	: GenuineIntel
cpu family	: 6
model		: 60
model name	: Intel(R) Core(TM) i7-4700HQ CPU @ 2.40GHz
stepping	: 3
microcode	: 0x12
cpu MHz		: 800.000
cache size	: 6144 KB
physical id	: 0
siblings	: 8
core id		: 1
cpu cores	: 4
apicid		: 2
initial apicid	: 2
fpu		: yes
fpu_exception	: yes
cpuid level	: 13
wp		: yes
flags		: fpu vme de pse tsc msr pae mce cx8 apic sep mtrr pge mca cmov pat pse36 clflush dts acpi mmx fxsr sse sse2 ss ht tm pbe syscall nx pdpe1gb rdtscp lm constant_tsc arch_perfmon pebs bts rep_good nopl xtopology nonstop_tsc aperfmperf eagerfpu pni pclmulqdq dtes64 monitor ds_cpl vmx est tm2 ssse3 fma cx16 xtpr pdcm pcid sse4_1 sse4_2 x2apic movbe popcnt tsc_deadline_timer xsave avx f16c rdrand lahf_lm abm ida arat epb xsaveopt pln pts dtherm tpr_shadow vnmi flexpriority ept vpid fsgsbase tsc_adjust bmi1 avx2 smep bmi2 erms invpcid
bogomips	: 4789.20
clflush size	: 64
cache_alignment	: 64
address sizes	: 39 bits physical, 48 bits virtual
power management:

processor	: 2
vendor_id	: GenuineIntel
cpu family	: 6
model		: 60
model name	: Intel(R) Core(TM) i7-4700HQ CPU @ 2.40GHz
stepping	: 3
microcode	: 0x12
cpu MHz		: 800.000
cache size	: 6144 KB
physical id	: 0
siblings	: 8
core id		: 2
cpu cores	: 4
apicid		: 4
initial apicid	: 4
fpu		: yes
fpu_exception	: yes
cpuid level	: 13
wp		: yes
flags		: fpu vme de pse tsc msr pae mce cx8 apic sep mtrr pge mca cmov pat pse36 clflush dts acpi mmx fxsr sse sse2 ss ht tm pbe syscall nx pdpe1gb rdtscp lm constant_tsc arch_perfmon pebs bts rep_good nopl xtopology nonstop_tsc aperfmperf eagerfpu pni pclmulqdq dtes64 monitor ds_cpl vmx est tm2 ssse3 fma cx16 xtpr pdcm pcid sse4_1 sse4_2 x2apic movbe popcnt tsc_deadline_timer xsave avx f16c rdrand lahf_lm abm ida arat epb xsaveopt pln pts dtherm tpr_shadow vnmi flexpriority ept vpid fsgsbase tsc_adjust bmi1 avx2 smep bmi2 erms invpcid
bogomips	: 4789.20
clflush size	: 64
cache_alignment	: 64
address sizes	: 39 bits physical, 48 bits virtual
power management:

processor	: 3
vendor_id	: GenuineIntel
cpu family	: 6
model		: 60
model name	: Intel(R) Core(TM) i7-4700HQ CPU @ 2.40GHz
stepping	: 3
microcode	: 0x12
cpu MHz		: 2401.000
cache size	: 6144 KB
physical id	: 0
siblings	: 8
core id		: 3
cpu cores	: 4
apicid		: 6
initial apicid	: 6
fpu		: yes
fpu_exception	: yes
cpuid level	: 13
wp		: yes
flags		: fpu vme de pse tsc msr pae mce cx8 apic sep mtrr pge mca cmov pat pse36 clflush dts acpi mmx fxsr sse sse2 ss ht tm pbe syscall nx pdpe1gb rdtscp lm constant_tsc arch_perfmon pebs bts rep_good nopl xtopology nonstop_tsc aperfmperf eagerfpu pni pclmulqdq dtes64 monitor ds_cpl vmx est tm2 ssse3 fma cx16 xtpr pdcm pcid sse4_1 sse4_2 x2apic movbe popcnt tsc_deadline_timer xsave avx f16c rdrand lahf_lm abm ida arat epb xsaveopt pln pts dtherm tpr_shadow vnmi flexpriority ept vpid fsgsbase tsc_adjust bmi1 avx2 smep bmi2 erms invpcid
bogomips	: 4789.20
clflush size	: 64
cache_alignment	: 64
address sizes	: 39 bits physical, 48 bits virtual
power management:

processor	: 4
vendor_id	: GenuineIntel
cpu family	: 6
model		: 60
model name	: Intel(R) Core(TM) i7-4700HQ CPU @ 2.40GHz
stepping	: 3
microcode	: 0x12
cpu MHz		: 1700.000
cache size	: 6144 KB
physical id	: 0
siblings	: 8
core id		: 0
cpu cores	: 4
apicid		: 1
initial apicid	: 1
fpu		: yes
fpu_exception	: yes
cpuid level	: 13
wp		: yes
flags		: fpu vme de pse tsc msr pae mce cx8 apic sep mtrr pge mca cmov pat pse36 clflush dts acpi mmx fxsr sse sse2 ss ht tm pbe syscall nx pdpe1gb rdtscp lm constant_tsc arch_perfmon pebs bts rep_good nopl xtopology nonstop_tsc aperfmperf eagerfpu pni pclmulqdq dtes64 monitor ds_cpl vmx est tm2 ssse3 fma cx16 xtpr pdcm pcid sse4_1 sse4_2 x2apic movbe popcnt tsc_deadline_timer xsave avx f16c rdrand lahf_lm abm ida arat epb xsaveopt pln pts dtherm tpr_shadow vnmi flexpriority ept vpid fsgsbase tsc_adjust bmi1 avx2 smep bmi2 erms invpcid
bogomips	: 4789.20
clflush size	: 64
cache_alignment	: 64
address sizes	: 39 bits physical, 48 bits virtual
power management:

processor	: 5
vendor_id	: GenuineIntel
cpu family	: 6
model		: 60
model name	: Intel(R) Core(TM) i7-4700HQ CPU @ 2.40GHz
stepping	: 3
microcode	: 0x12
cpu MHz		: 2100.000
cache size	: 6144 KB
physical id	: 0
siblings	: 8
core id		: 1
cpu cores	: 4
apicid		: 3
initial apicid	: 3
fpu		: yes
fpu_exception	: yes
cpuid level	: 13
wp		: yes
flags		: fpu vme de pse tsc msr pae mce cx8 apic sep mtrr pge mca cmov pat pse36 clflush dts acpi mmx fxsr sse sse2 ss ht tm pbe syscall nx pdpe1gb rdtscp lm constant_tsc arch_perfmon pebs bts rep_good nopl xtopology nonstop_tsc aperfmperf eagerfpu pni pclmulqdq dtes64 monitor ds_cpl vmx est tm2 ssse3 fma cx16 xtpr pdcm pcid sse4_1 sse4_2 x2apic movbe popcnt tsc_deadline_timer xsave avx f16c rdrand lahf_lm abm ida arat epb xsaveopt pln pts dtherm tpr_shadow vnmi flexpriority ept vpid fsgsbase tsc_adjust bmi1 avx2 smep bmi2 erms invpcid
bogomips	: 4789.20
clflush size	: 64
cache_alignment	: 64
address sizes	: 39 bits physical, 48 bits virtual
power management:

processor	: 6
vendor_id	: GenuineIntel
cpu family	: 6
model		: 60
model name	: Intel(R) Core(TM) i7-4700HQ CPU @ 2.40GHz
stepping	: 3
microcode	: 0x12
cpu MHz		: 2300.000
cache size	: 6144 KB
physical id	: 0
siblings	: 8
core id		: 2
cpu cores	: 4
apicid		: 5
initial apicid	: 5
fpu		: yes
fpu_exception	: yes
cpuid level	: 13
wp		: yes
flags		: fpu vme de pse tsc msr pae mce cx8 apic sep mtrr pge mca cmov pat pse36 clflush dts acpi mmx fxsr sse sse2 ss ht tm pbe syscall nx pdpe1gb rdtscp lm constant_tsc arch_perfmon pebs bts rep_good nopl xtopology nonstop_tsc aperfmperf eagerfpu pni pclmulqdq dtes64 monitor ds_cpl vmx est tm2 ssse3 fma cx16 xtpr pdcm pcid sse4_1 sse4_2 x2apic movbe popcnt tsc_deadline_timer xsave avx f16c rdrand lahf_lm abm ida arat epb xsaveopt pln pts dtherm tpr_shadow vnmi flexpriority ept vpid fsgsbase tsc_adjust bmi1 avx2 smep bmi2 erms invpcid
bogomips	: 4789.20
clflush size	: 64
cache_alignment	: 64
address sizes	: 39 bits physical, 48 bits virtual
power management:

processor	: 7
vendor_id	: GenuineIntel
cpu family	: 6
model		: 60
model name	: Intel(R) Core(TM) i7-4700HQ CPU @ 2.40GHz
stepping	: 3
microcode	: 0x12
cpu MHz		: 800.000
cache size	: 6144 KB
physical id	: 0
siblings	: 8
core id		: 3
cpu cores	: 4
apicid		: 7
initial apicid	: 7
fpu		: yes
fpu_exception	: yes
cpuid level	: 13
wp		: yes
flags		: fpu vme de pse tsc msr pae mce cx8 apic sep mtrr pge mca cmov pat pse36 clflush dts acpi mmx fxsr sse sse2 ss ht tm pbe syscall nx pdpe1gb rdtscp lm constant_tsc arch_perfmon pebs bts rep_good nopl xtopology nonstop_tsc aperfmperf eagerfpu pni pclmulqdq dtes64 monitor ds_cpl vmx est tm2 ssse3 fma cx16 xtpr pdcm pcid sse4_1 sse4_2 x2apic movbe popcnt tsc_deadline_timer xsave avx f16c rdrand lahf_lm abm ida arat epb xsaveopt pln pts dtherm tpr_shadow vnmi flexpriority ept vpid fsgsbase tsc_adjust bmi1 avx2 smep bmi2 erms invpcid
bogomips	: 4789.20
clflush size	: 64
cache_alignment	: 64
address sizes	: 39 bits physical, 48 bits virtual
power management:



Memory: 4k page, physical 7990260k(2163160k free), swap 0k(0k free)

vm_info: Java HotSpot(TM) 64-Bit Server VM (24.72-b04) for linux-amd64 JRE (1.7.0_72-b14), built on Sep 26 2014 18:20:41 by "java_re" with gcc 4.3.0 20080428 (Red Hat 4.3.0-8)

time: Sat Nov 15 02:23:28 2014
elapsed time: 0 seconds

